Arguments: 
  C:\Program Files\nodejs\node.exe C:\Users\hp\AppData\Roaming\npm\node_modules\yarn\bin\yarn.js add sequelize

PATH: 
  C:\Program Files\Common Files\Oracle\Java\javapath;C:\Python310\Scripts\;C:\Python310\;C:\Windows\system32;C:\Windows;C:\Windows\System32\Wbem;C:\Windows\System32\WindowsPowerShell\v1.0\;C:\Windows\System32\OpenSSH\;C:\Program Files (x86)\ATI Technologies\ATI.ACE\Core-Static;C:\ProgramData\chocolatey\bin;C:\Program Files\Git\cmd;C:\Users\hp\AppData\Local\Android\Sdk;C:\Program Files\Java\jdk-15.0.2\bin;C:\Program Files\nodejs\;D:\composer;C:\Program Files\dotnet\;C:\Program Files\Microsoft SQL Server\130\Tools\Binn\;C:\Program Files\Microsoft SQL Server\150\Tools\Binn\;C:\Users\hp\AppData\Local\Microsoft\WindowsApps;C:\Users\hp\AppData\Local\Programs\Microsoft VS Code\bin;C:\Users\hp\AppData\Roaming\Composer\vendor\bin;C:\Program Files\MongoDB\Server\5.0\bin;C:\jdk-17.0.2\bin;C:\Users\hp\AppData\Roaming\npm;D:\php;C:\Users\hp\AppData\Local\GitHubDesktop\bin

Yarn version: 
  1.22.17

Node version: 
  16.14.0

Platform: 
  win32 x64

Trace: 
  SyntaxError: Invalid value type 64:0 in D:\nextjs\cleanCode\secondary1\graphql-node-sequelize\yarn.lock
      at Parser.unexpected (C:\Users\hp\AppData\Roaming\npm\node_modules\yarn\lib\cli.js:64374:11)
      at Parser.parse (C:\Users\hp\AppData\Roaming\npm\node_modules\yarn\lib\cli.js:64502:16)
      at Parser.parse (C:\Users\hp\AppData\Roaming\npm\node_modules\yarn\lib\cli.js:64479:26)
      at parse (C:\Users\hp\AppData\Roaming\npm\node_modules\yarn\lib\cli.js:64579:21)
      at module.exports.exports.default (C:\Users\hp\AppData\Roaming\npm\node_modules\yarn\lib\cli.js:64141:96)
      at Function.<anonymous> (C:\Users\hp\AppData\Roaming\npm\node_modules\yarn\lib\cli.js:3064:63)
      at Generator.next (<anonymous>)
      at step (C:\Users\hp\AppData\Roaming\npm\node_modules\yarn\lib\cli.js:310:30)
      at C:\Users\hp\AppData\Roaming\npm\node_modules\yarn\lib\cli.js:321:13

npm manifest: 
  {
    "name": "graphql-node-sequelize",
    "version": "1.0.0",
    "description": "Graphql Node.js Sequelize tutorial",
    "main": "index.js",
    "repository": {
      "type": "git",
      "url": "git+https://github.com/nedssoft/graphql-node-sequelize.git"
    },
    "author": "Chinedu Orie <nedsoftdeveloper@gmail.com>",
    "license": "MIT",
    "private": false,
    "scripts": {
      "dev": "nodemon index.js",
      "start": "node index.js"
    },
    "dependencies": {
      "apollo-datasource": "^0.7.0",
      "apollo-server-express": "^2.13.0",
      "bcryptjs": "^2.4.3",
      "cors": "^2.8.5",
      "dotenv": "^8.0.0",
      "express": "^4.17.1",
      "graphql": "^15.0.0",
      "graphql-resolvers": "^0.4.2",
      "jsonwebtoken": "^9.0.0",
      "pg": "^8.0.3",
      "pg-hstore": "^2.3.3"
    },
    "devDependencies": {
      "nodemon": "^2.0.4"
    },
    "bugs": {
      "url": "https://github.com/nedssoft/graphql-node-sequelize/issues"
    },
    "homepage": "https://github.com/nedssoft/graphql-node-sequelize#readme",
    "keywords": []
  }

yarn manifest: 
  No manifest

Lockfile: 
  # THIS IS AN AUTOGENERATED FILE. DO NOT EDIT THIS FILE DIRECTLY.
  # yarn lockfile v1
  
  
  "@apollo/protobufjs@^1.0.3", "@apollo/protobufjs@1.2.2":
    version "1.2.2"
    resolved "https://registry.npmjs.org/@apollo/protobufjs/-/protobufjs-1.2.2.tgz"
    integrity sha512-vF+zxhPiLtkwxONs6YanSt1EpwpGilThpneExUN5K3tCymuxNnVq2yojTvnpRjv2QfsEIt/n7ozPIIzBLwGIDQ==
    dependencies:
      "@protobufjs/aspromise" "^1.1.2"
      "@protobufjs/base64" "^1.1.2"
      "@protobufjs/codegen" "^2.0.4"
      "@protobufjs/eventemitter" "^1.1.0"
      "@protobufjs/fetch" "^1.1.0"
      "@protobufjs/float" "^1.0.2"
      "@protobufjs/inquire" "^1.1.0"
      "@protobufjs/path" "^1.1.2"
      "@protobufjs/pool" "^1.1.0"
      "@protobufjs/utf8" "^1.1.0"
      "@types/long" "^4.0.0"
      "@types/node" "^10.1.0"
      long "^4.0.0"
  
  "@apollographql/apollo-tools@^0.5.0":
    version "0.5.4"
    resolved "https://registry.npmjs.org/@apollographql/apollo-tools/-/apollo-tools-0.5.4.tgz"
    integrity sha512-shM3q7rUbNyXVVRkQJQseXv6bnYM3BUma/eZhwXR4xsuM+bqWnJKvW7SAfRjP7LuSCocrexa5AXhjjawNHrIlw==
  
  "@apollographql/graphql-playground-html@1.6.26":
    version "1.6.26"
    resolved "https://registry.npmjs.org/@apollographql/graphql-playground-html/-/graphql-playground-html-1.6.26.tgz"
    integrity sha512-XAwXOIab51QyhBxnxySdK3nuMEUohhDsHQ5Rbco/V1vjlP75zZ0ZLHD9dTpXTN8uxKxopb2lUvJTq+M4g2Q0HQ==
    dependencies:
      xss "^1.0.6"
  
  "@apollographql/graphql-playground-html@1.6.27":
    version "1.6.27"
    resolved "https://registry.npmjs.org/@apollographql/graphql-playground-html/-/graphql-playground-html-1.6.27.tgz"
    integrity sha512-tea2LweZvn6y6xFV11K0KC8ETjmm52mQrW+ezgB2O/aTQf8JGyFmMcRPFgUaQZeHbWdm8iisDC6EjOKsXu0nfw==
    dependencies:
      xss "^1.0.8"
  
  "@apollographql/graphql-upload-8-fork@^8.1.4":
    version "8.1.4"
    resolved "https://registry.npmjs.org/@apollographql/graphql-upload-8-fork/-/graphql-upload-8-fork-8.1.4.tgz"
    integrity sha512-lHAj/PUegYu02zza9Pg0bQQYH5I0ah1nyIzu2YIqOv41P0vu3GCBISAmQCfFHThK7N3dy7dLFPhoKcXlXRLPoQ==
    dependencies:
      "@types/express" "*"
      "@types/fs-capacitor" "^2.0.0"
      "@types/koa" "*"
      busboy "^0.3.1"
      fs-capacitor "^2.0.4"
      http-errors "^1.7.3"
      object-path "^0.11.4"
  
  "@babel/runtime@^7.8.4":
    version "7.10.2"
    resolved "https://registry.npmjs.org/@babel/runtime/-/runtime-7.10.2.tgz"
    integrity sha512-6sF3uQw2ivImfVIl62RZ7MXhO2tap69WeWK57vAaimT6AZbE4FbqjdEJIN1UqoD6wI6B+1n9UiagafH1sxjOtg==
    dependencies:
      regenerator-runtime "^0.13.4"
  
  "@josephg/resolvable@^1.0.0":
    version "1.0.1"
    resolved "https://registry.npmjs.org/@josephg/resolvable/-/resolvable-1.0.1.tgz"
    integrity sha512-CtzORUwWTTOTqfVtHaKRJ0I1kNQd1bpn3sUh8I3nJDVY+5/M/Oe1DnEWzPQvqq/xPIIkzzzIP7mfCoAjFRvDhg==
  
  "@protobufjs/aspromise@^1.1.1", "@protobufjs/aspromise@^1.1.2":
    version "1.1.2"
    resolved "https://registry.npmjs.org/@protobufjs/aspromise/-/aspromise-1.1.2.tgz"
    integrity sha1-m4sMxmPWaafY9vXQiToU00jzD78= sha512-j+gKExEuLmKwvz3OgROXtrJ2UG2x8Ch2YZUxahh+s1F2HZ+wAceUNLkvy6zKCPVRkU++ZWQrdxsUeQXmcg4uoQ==
  
  "@protobufjs/base64@^1.1.2":
    version "1.1.2"
    resolved "https://registry.npmjs.org/@protobufjs/base64/-/base64-1.1.2.tgz"
    integrity sha512-AZkcAA5vnN/v4PDqKyMR5lx7hZttPDgClv83E//FMNhR2TMcLUhfRUBHCmSl0oi9zMgDDqRUJkSxO3wm85+XLg==
  
  "@protobufjs/codegen@^2.0.4":
    version "2.0.4"
    resolved "https://registry.npmjs.org/@protobufjs/codegen/-/codegen-2.0.4.tgz"
    integrity sha512-YyFaikqM5sH0ziFZCN3xDC7zeGaB/d0IUb9CATugHWbd1FRFwWwt4ld4OYMPWu5a3Xe01mGAULCdqhMlPl29Jg==
  
  "@protobufjs/eventemitter@^1.1.0":
    version "1.1.0"
    resolved "https://registry.npmjs.org/@protobufjs/eventemitter/-/eventemitter-1.1.0.tgz"
    integrity sha1-NVy8mLr61ZePntCV85diHx0Ga3A= sha512-j9ednRT81vYJ9OfVuXG6ERSTdEL1xVsNgqpkxMsbIabzSo3goCjDIveeGv5d03om39ML71RdmrGNjG5SReBP/Q==
  
  "@protobufjs/fetch@^1.1.0":
    version "1.1.0"
    resolved "https://registry.npmjs.org/@protobufjs/fetch/-/fetch-1.1.0.tgz"
    integrity sha1-upn7WYYUr2VwDBYZ/wbUVLDYTEU= sha512-lljVXpqXebpsijW71PZaCYeIcE5on1w5DlQy5WH6GLbFryLUrBD4932W/E2BSpfRJWseIL4v/KPgBFxDOIdKpQ==
    dependencies:
      "@protobufjs/aspromise" "^1.1.1"
      "@protobufjs/inquire" "^1.1.0"
  
  "@protobufjs/float@^1.0.2":
    version "1.0.2"
    resolved "https://registry.npmjs.org/@protobufjs/float/-/float-1.0.2.tgz"
    integrity sha1-Xp4avctz/Ap8uLKR33jIy9l7h9E= sha512-Ddb+kVXlXst9d+R9PfTIxh1EdNkgoRe5tOX6t01f1lYWOvJnSPDBlG241QLzcyPdoNTsblLUdujGSE4RzrTZGQ==
  
  "@protobufjs/inquire@^1.1.0":
    version "1.1.0"
    resolved "https://registry.npmjs.org/@protobufjs/inquire/-/inquire-1.1.0.tgz"
    integrity sha1-/yAOPnzyQp4tyvwRQIKOjMY48Ik= sha512-kdSefcPdruJiFMVSbn801t4vFK7KB/5gd2fYvrxhuJYg8ILrmn9SKSX2tZdV6V+ksulWqS7aXjBcRXl3wHoD9Q==
  
  "@protobufjs/path@^1.1.2":
    version "1.1.2"
    resolved "https://registry.npmjs.org/@protobufjs/path/-/path-1.1.2.tgz"
    integrity sha1-bMKyDFya1q0NzP0hynZz2Nf79o0= sha512-6JOcJ5Tm08dOHAbdR3GrvP+yUUfkjG5ePsHYczMFLq3ZmMkAD98cDgcT2iA1lJ9NVwFd4tH/iSSoe44YWkltEA==
  
  "@protobufjs/pool@^1.1.0":
    version "1.1.0"
    resolved "https://registry.npmjs.org/@protobufjs/pool/-/pool-1.1.0.tgz"
    integrity sha1-Cf0V8tbTq/qbZbw2ZQbWrXhG/1Q= sha512-0kELaGSIDBKvcgS4zkjz1PeddatrjYcmMWOlAuAPwAeccUrPHdUqo/J6LiymHHEiJT5NrF1UVwxY14f+fy4WQw==
  
  "@protobufjs/utf8@^1.1.0":
    version "1.1.0"
    resolved "https://registry.npmjs.org/@protobufjs/utf8/-/utf8-1.1.0.tgz"
    integrity sha1-p3c2C1s5oaLlEG+OhY8v0tBgxXA= sha512-Vvn3zZrhQZkkBE8LSuW3em98c0FwgO4nxzv6OdSxPKJIEKY2bGbHn+mhGIPerzI4twdxaP8/0+06HBpwf345Lw==
  
  "@types/accepts@*", "@types/accepts@^1.3.5":
    version "1.3.5"
    resolved "https://registry.npmjs.org/@types/accepts/-/accepts-1.3.5.tgz"
    integrity sha512-jOdnI/3qTpHABjM5cx1Hc0sKsPoYCp+DP/GJRGtDlPd7fiV9oXGGIcjW/ZOxLIvjGz8MA+uMZI9metHlgqbgwQ==
    dependencies:
      "@types/node" "*"
  
  "@types/body-parser@*", "@types/body-parser@1.19.0":
    version "1.19.0"
    resolved "https://registry.npmjs.org/@types/body-parser/-/body-parser-1.19.0.tgz"
    integrity sha512-W98JrE0j2K78swW4ukqMleo8R7h/pFETjM2DQ90MF6XK2i4LO4W3gQ71Lt4w3bfm2EvVSyWHplECvB5sK22yFQ==
    dependencies:
      "@types/connect" "*"
      "@types/node" "*"
  
  "@types/connect@*":
    version "3.4.33"
    resolved "https://registry.npmjs.org/@types/connect/-/connect-3.4.33.tgz"
    integrity sha512-2+FrkXY4zllzTNfJth7jOqEHC+enpLeGslEhpnTAkg21GkRrWV4SsAtqchtT4YS9/nODBU2/ZfsBY2X4J/dX7A==
    dependencies:
      "@types/node" "*"
  
  "@types/content-disposition@*":
    version "0.5.5"
    resolved "https://registry.npmjs.org/@types/content-disposition/-/content-disposition-0.5.5.tgz"
    integrity sha512-v6LCdKfK6BwcqMo+wYW05rLS12S0ZO0Fl4w1h4aaZMD7bqT3gVUns6FvLJKGZHQmYn3SX55JWGpziwJRwVgutA==
  
  "@types/cookies@*":
    version "0.7.7"
    resolved "https://registry.npmjs.org/@types/cookies/-/cookies-0.7.7.tgz"
    integrity sha512-h7BcvPUogWbKCzBR2lY4oqaZbO3jXZksexYJVFvkrFeLgbZjQkU4x8pRq6eg2MHXQhY0McQdqmmsxRWlVAHooA==
    dependencies:
      "@types/connect" "*"
      "@types/express" "*"
      "@types/keygrip" "*"
      "@types/node" "*"
  
  "@types/cors@^2.8.4":
    version "2.8.6"
    resolved "https://registry.npmjs.org/@types/cors/-/cors-2.8.6.tgz"
    integrity sha512-invOmosX0DqbpA+cE2yoHGUlF/blyf7nB0OGYBBiH27crcVm5NmFaZkLP4Ta1hGaesckCi5lVLlydNJCxkTOSg==
    dependencies:
      "@types/express" "*"
  
  "@types/express-serve-static-core@*":
    version "4.17.7"
    resolved "https://registry.npmjs.org/@types/express-serve-static-core/-/express-serve-static-core-4.17.7.tgz"
    integrity sha512-EMgTj/DF9qpgLXyc+Btimg+XoH7A2liE8uKul8qSmMTHCeNYzydDKFdsJskDvw42UsesCnhO63dO0Grbj8J4Dw==
    dependencies:
      "@types/node" "*"
      "@types/qs" "*"
      "@types/range-parser" "*"
  
  "@types/express@*", "@types/express@4.17.4":
    version "4.17.4"
    resolved "https://registry.npmjs.org/@types/express/-/express-4.17.4.tgz"
    integrity sha512-DO1L53rGqIDUEvOjJKmbMEQ5Z+BM2cIEPy/eV3En+s166Gz+FeuzRerxcab757u/U4v4XF4RYrZPmqKa+aY/2w==
    dependencies:
      "@types/body-parser" "*"
      "@types/express-serve-static-core" "*"
      "@types/qs" "*"
      "@types/serve-static" "*"
  
  "@types/fs-capacitor@^2.0.0":
    version "2.0.0"
    resolved "https://registry.npmjs.org/@types/fs-capacitor/-/fs-capacitor-2.0.0.tgz"
    integrity sha512-FKVPOCFbhCvZxpVAMhdBdTfVfXUpsh15wFHgqOKxh9N9vzWZVuWCSijZ5T4U34XYNnuj2oduh6xcs1i+LPI+BQ==
    dependencies:
      "@types/node" "*"
  
  "@types/http-assert@*":
    version "1.5.3"
    resolved "https://registry.npmjs.org/@types/http-assert/-/http-assert-1.5.3.tgz"
    integrity sha512-FyAOrDuQmBi8/or3ns4rwPno7/9tJTijVW6aQQjK02+kOQ8zmoNg2XJtAuQhvQcy1ASJq38wirX5//9J1EqoUA==
  
  "@types/http-errors@*":
    version "2.0.1"
    resolved "https://registry.npmjs.org/@types/http-errors/-/http-errors-2.0.1.tgz"
    integrity sha512-/K3ds8TRAfBvi5vfjuz8y6+GiAYBZ0x4tXv1Av6CWBWn0IlADc+ZX9pMq7oU0fNQPnBwIZl3rmeLp6SBApbxSQ==
  
  "@types/keygrip@*":
    version "1.0.2"
    resolved "https://registry.npmjs.org/@types/keygrip/-/keygrip-1.0.2.tgz"
    integrity sha512-GJhpTepz2udxGexqos8wgaBx4I/zWIDPh/KOGEwAqtuGDkOUJu5eFvwmdBX4AmB8Odsr+9pHCQqiAqDL/yKMKw==
  
  "@types/koa-compose@*":
    version "3.2.5"
    resolved "https://registry.npmjs.org/@types/koa-compose/-/koa-compose-3.2.5.tgz"
    integrity sha512-B8nG/OoE1ORZqCkBVsup/AKcvjdgoHnfi4pZMn5UwAPCbhk/96xyv284eBYW8JlQbQ7zDmnpFr68I/40mFoIBQ==
    dependencies:
      "@types/koa" "*"
  
  "@types/koa@*":
    version "2.13.5"
    resolved "https://registry.npmjs.org/@types/koa/-/koa-2.13.5.tgz"
    integrity sha512-HSUOdzKz3by4fnqagwthW/1w/yJspTgppyyalPVbgZf8jQWvdIXcVW5h2DGtw4zYntOaeRGx49r1hxoPWrD4aA==
    dependencies:
      "@types/accepts" "*"
      "@types/content-disposition" "*"
      "@types/cookies" "*"
      "@types/http-assert" "*"
      "@types/http-errors" "*"
      "@types/keygrip" "*"
      "@types/koa-compose" "*"
      "@types/node" "*"
  
  "@types/long@^4.0.0":
    version "4.0.1"
    resolved "https://registry.npmjs.org/@types/long/-/long-4.0.1.tgz"
    integrity sha512-5tXH6Bx/kNGd3MgffdmP4dy2Z+G4eaXw0SE81Tq3BNadtnMR5/ySMzX4SLEzHJzSmPNn4HIdpQsBvXMUykr58w==
  
  "@types/mime@*":
    version "2.0.2"
    resolved "https://registry.npmjs.org/@types/mime/-/mime-2.0.2.tgz"
    integrity sha512-4kPlzbljFcsttWEq6aBW0OZe6BDajAmyvr2xknBG92tejQnvdGtT9+kXSZ580DqpxY9qG2xeQVF9Dq0ymUTo5Q==
  
  "@types/node@*":
    version "14.0.13"
    resolved "https://registry.npmjs.org/@types/node/-/node-14.0.13.tgz"
    integrity sha512-rouEWBImiRaSJsVA+ITTFM6ZxibuAlTuNOCyxVbwreu6k6+ujs7DfnU9o+PShFhET78pMBl3eH+AGSI5eOTkPA==
  
  "@types/node@^10.1.0":
    version "10.17.26"
    resolved "https://registry.npmjs.org/@types/node/-/node-10.17.26.tgz"
    integrity sha512-myMwkO2Cr82kirHY8uknNRHEVtn0wV3DTQfkrjx17jmkstDRZ24gNUdl8AHXVyVclTYI/bNjgTPTAWvWLqXqkw==
  
  "@types/qs@*":
    version "6.9.3"
    resolved "https://registry.npmjs.org/@types/qs/-/qs-6.9.3.tgz"
    integrity sha512-7s9EQWupR1fTc2pSMtXRQ9w9gLOcrJn+h7HOXw4evxyvVqMi4f+q7d2tnFe3ng3SNHjtK+0EzGMGFUQX4/AQRA==
  
  "@types/range-parser@*":
    version "1.2.3"
    resolved "https://registry.npmjs.org/@types/range-parser/-/range-parser-1.2.3.tgz"
    integrity sha512-ewFXqrQHlFsgc09MK5jP5iR7vumV/BYayNC6PgJO2LPe8vrnNFyjQjSppfEngITi0qvfKtzFvgKymGheFM9UOA==
  
  "@types/serve-static@*":
    version "1.13.4"
    resolved "https://registry.npmjs.org/@types/serve-static/-/serve-static-1.13.4.tgz"
    integrity sha512-jTDt0o/YbpNwZbQmE/+2e+lfjJEJJR0I3OFaKQKPWkASkCoW3i6fsUnqudSMcNAfbtmADGu8f4MV4q+GqULmug==
    dependencies:
      "@types/express-serve-static-core" "*"
      "@types/mime" "*"
  
  "@types/ws@^7.0.0":
    version "7.2.5"
    resolved "https://registry.npmjs.org/@types/ws/-/ws-7.2.5.tgz"
    integrity sha512-4UEih9BI1nBKii385G9id1oFrSkLcClbwtDfcYj8HJLQqZVAtb/42vXVrYvRWCcufNF/a+rZD3MxNwghA7UmCg==
    dependencies:
      "@types/node" "*"
  
  "@wry/equality@^0.1.2":
    version "0.1.11"
    resolved "https://registry.npmjs.org/@wry/equality/-/equality-0.1.11.tgz"
    integrity sha512-mwEVBDUVODlsQQ5dfuLUS5/Tf7jqUKyhKYHmVi4fPB6bDMOfWvUPJmKgS1Z7Za/sOI3vzWt4+O7yCiL/70MogA==
    dependencies:
      tslib "^1.9.3"
  
  abbrev@1:
    version "1.1.1"
    resolved "https://registry.npmjs.org/abbrev/-/abbrev-1.1.1.tgz"
    integrity sha512-nne9/IiQ/hzIhY6pdDnbBtz7DjPTKrY00P/zvPSm5pOFkl6xuGrGnXn/VtTNNfNtAfZ9/1RtehkszU9qcTii0Q==
  
  accepts@^1.3.5, accepts@~1.3.8:
    version "1.3.8"
    resolved "https://registry.npmjs.org/accepts/-/accepts-1.3.8.tgz"
    integrity sha512-PYAthTa2m2VKxuvSD3DPC/Gy+U+sOA1LAuT8mkmRuvw+NACSaeXEQ+NHcVF7rONl6qcaxV3Uuemwawk+7+SJLw==
    dependencies:
      mime-types "~2.1.34"
      negotiator "0.6.3"
  
  anymatch@~3.1.2:
    version "3.1.3"
    resolved "https://registry.npmjs.org/anymatch/-/anymatch-3.1.3.tgz"
    integrity sha512-KMReFUr0B4t+D+OBkjR3KYqvocp2XaSzO55UcB6mgQMd3KbcE+mWTyvVV7D/zsdEbNnV6acZUutkiHQXvTr1Rw==
    dependencies:
      normalize-path "^3.0.0"
      picomatch "^2.0.4"
  
  apollo-cache-control@^0.15.0:
    version "0.15.0"
    resolved "https://registry.npmjs.org/apollo-cache-control/-/apollo-cache-control-0.15.0.tgz"
    integrity sha512-U2uYvHZsWmR6s6CD5zlq3PepfbUAM8953CeVM2Y2QYMtJ8i4CYplEPbIWb3zTIXSPbIPeWGddM56pChI6Iz3zA==
    dependencies:
      apollo-server-env "^3.2.0"
      apollo-server-plugin-base "^0.14.0"
  
  apollo-datasource@^0.10.0:
    version "0.10.0"
    resolved "https://registry.npmjs.org/apollo-datasource/-/apollo-datasource-0.10.0.tgz"
    integrity sha512-wrLhuoM2MtA0KA0+3qyioe0H2FjAxjTvuFOlNCk6WberA887m0MQlWULZImCWTkKuN+zEAMerHfxN+F+W8+lBA==
    dependencies:
      apollo-server-caching "^0.7.0"
      apollo-server-env "^3.2.0"
  
  apollo-datasource@^0.7.0:
    version "0.7.1"
    resolved "https://registry.npmjs.org/apollo-datasource/-/apollo-datasource-0.7.1.tgz"
    integrity sha512-h++/jQAY7GA+4TBM+7ezvctFmmGNLrAPf51KsagZj+NkT9qvxp585rdsuatynVbSl59toPK2EuVmc6ilmQHf+g==
    dependencies:
      apollo-server-caching "^0.5.1"
      apollo-server-env "^2.4.4"
  
  apollo-engine-reporting-protobuf@^0.5.1:
    version "0.5.1"
    resolved "https://registry.npmjs.org/apollo-engine-reporting-protobuf/-/apollo-engine-reporting-protobuf-0.5.1.tgz"
    integrity sha512-TSfr9iAaInV8dhXkesdcmqsthRkVcJkzznmiM+1Ob/GScK7r6hBYCjVDt2613EHAg9SUzTOltIKlGD+N+GJRUw==
    dependencies:
      "@apollo/protobufjs" "^1.0.3"
  
  apollo-graphql@^0.9.0:
    version "0.9.7"
    resolved "https://registry.npmjs.org/apollo-graphql/-/apollo-graphql-0.9.7.tgz"
    integrity sha512-bezL9ItUWUGHTm1bI/XzIgiiZbhXpsC7uxk4UxFPmcVJwJsDc3ayZ99oXxAaK+3Rbg/IoqrHckA6CwmkCsbaSA==
    dependencies:
      core-js-pure "^3.10.2"
      lodash.sortby "^4.7.0"
      sha.js "^2.4.11"
  
  apollo-link@^1.2.14:
    version "1.2.14"
    resolved "https://registry.npmjs.org/apollo-link/-/apollo-link-1.2.14.tgz"
    integrity sha512-p67CMEFP7kOG1JZ0ZkYZwRDa369w5PIjtMjvrQd/HnIV8FRsHRqLqK+oAZQnFa1DDdZtOtHTi+aMIW6EatC2jg==
    dependencies:
      apollo-utilities "^1.3.0"
      ts-invariant "^0.4.0"
      tslib "^1.9.3"
      zen-observable-ts "^0.8.21"
  
  apollo-reporting-protobuf@^0.8.0:
    version "0.8.0"
    resolved "https://registry.npmjs.org/apollo-reporting-protobuf/-/apollo-reporting-protobuf-0.8.0.tgz"
    integrity sha512-B3XmnkH6Y458iV6OsA7AhfwvTgeZnFq9nPVjbxmLKnvfkEl8hYADtz724uPa0WeBiD7DSFcnLtqg9yGmCkBohg==
    dependencies:
      "@apollo/protobufjs" "1.2.2"
  
  apollo-server-caching@^0.5.1:
    version "0.5.1"
    resolved "https://registry.npmjs.org/apollo-server-caching/-/apollo-server-caching-0.5.1.tgz"
    integrity sha512-L7LHZ3k9Ao5OSf2WStvQhxdsNVplRQi7kCAPfqf9Z3GBEnQ2uaL0EgO0hSmtVHfXTbk5CTRziMT1Pe87bXrFIw==
    dependencies:
      lru-cache "^5.0.0"
  
  apollo-server-caching@^0.7.0:
    version "0.7.0"
    resolved "https://registry.npmjs.org/apollo-server-caching/-/apollo-server-caching-0.7.0.tgz"
    integrity sha512-MsVCuf/2FxuTFVhGLK13B+TZH9tBd2qkyoXKKILIiGcZ5CDUEBO14vIV63aNkMkS1xxvK2U4wBcuuNj/VH2Mkw==
    dependencies:
      lru-cache "^6.0.0"
  
  apollo-server-core@^2.14.4:
    version "2.26.1"
    resolved "https://registry.npmjs.org/apollo-server-core/-/apollo-server-core-2.26.1.tgz"
    integrity sha512-YnO1YXhHOnCY7Q2SZ0uUtPq6SLCw+t2uI19l59mzWuCyZYdHrtSy3zUEU6pM3tR9vvUuRGkYIfMRlo/Q8a1U5g==
    dependencies:
      "@apollographql/apollo-tools" "^0.5.0"
      "@apollographql/graphql-playground-html" "1.6.27"
      "@apollographql/graphql-upload-8-fork" "^8.1.4"
      "@josephg/resolvable" "^1.0.0"
      "@types/ws" "^7.0.0"
      apollo-cache-control "^0.15.0"
      apollo-datasource "^0.10.0"
      apollo-graphql "^0.9.0"
      apollo-reporting-protobuf "^0.8.0"
      apollo-server-caching "^0.7.0"
      apollo-server-env "^3.2.0"
      apollo-server-errors "^2.5.0"
      apollo-server-plugin-base "^0.14.0"
      apollo-server-types "^0.10.0"
      apollo-tracing "^0.16.0"
      async-retry "^1.2.1"
      fast-json-stable-stringify "^2.0.0"
      graphql-extensions "^0.16.0"
      graphql-tag "^2.11.0"
      graphql-tools "^4.0.8"
      loglevel "^1.6.7"
      lru-cache "^6.0.0"
      sha.js "^2.4.11"
      subscriptions-transport-ws "^0.9.19"
      uuid "^8.0.0"
  
  apollo-server-env@^2.4.4:
    version "2.4.4"
    resolved "https://registry.npmjs.org/apollo-server-env/-/apollo-server-env-2.4.4.tgz"
    integrity sha512-c2oddDS3lwAl6QNCIKCLEzt/dF9M3/tjjYRVdxOVN20TidybI7rAbnT4QOzf4tORnGXtiznEAvr/Kc9ahhKADg==
    dependencies:
      node-fetch "^2.1.2"
      util.promisify "^1.0.0"
  
  apollo-server-env@^3.2.0:
    version "3.2.0"
    resolved "https://registry.npmjs.org/apollo-server-env/-/apollo-server-env-3.2.0.tgz"
    integrity sha512-V+kO5e6vUo2JwqV1/Ng71ZE3J6x1hCOC+nID2/++bCYl0/fPY9iLChbBNSgN/uoFcjhgmBchOv+m4o0Nie/TFQ==
    dependencies:
      node-fetch "^2.6.1"
      util.promisify "^1.0.0"
  
  apollo-server-errors@^2.5.0:
    version "2.5.0"
    resolved "https://registry.npmjs.org/apollo-server-errors/-/apollo-server-errors-2.5.0.tgz"
    integrity sha512-lO5oTjgiC3vlVg2RKr3RiXIIQ5pGXBFxYGGUkKDhTud3jMIhs+gel8L8zsEjKaKxkjHhCQAA/bcEfYiKkGQIvA==
  
  apollo-server-express@^2.13.0:
    version "2.14.4"
    resolved "https://registry.npmjs.org/apollo-server-express/-/apollo-server-express-2.14.4.tgz"
    integrity sha512-g0ml0NGmghvJhTiXMR0HqDD8eTz77zdgzDG2XoqNoRehtVIsZq8fmKTagVt9cUKCKKiBPUF+4tqAGD9lnprUdw==
    dependencies:
      "@apollographql/graphql-playground-html" "1.6.26"
      "@types/accepts" "^1.3.5"
      "@types/body-parser" "1.19.0"
      "@types/cors" "^2.8.4"
      "@types/express" "4.17.4"
      accepts "^1.3.5"
      apollo-server-core "^2.14.4"
      apollo-server-types "^0.5.0"
      body-parser "^1.18.3"
      cors "^2.8.4"
      express "^4.17.1"
      graphql-subscriptions "^1.0.0"
      graphql-tools "^4.0.0"
      parseurl "^1.3.2"
      subscriptions-transport-ws "^0.9.16"
      type-is "^1.6.16"
  
  apollo-server-plugin-base@^0.14.0:
    version "0.14.0"
    resolved "https://registry.npmjs.org/apollo-server-plugin-base/-/apollo-server-plugin-base-0.14.0.tgz"
    integrity sha512-nTNSFuBhZURGjtWptdVqwemYUOdsvABj/GSKzeNvepiEubiv4N0rt4Gvy1inHDiMbo98wQTdF/7XohNcB9A77g==
    dependencies:
      apollo-server-types "^0.10.0"
  
  apollo-server-types@^0.10.0:
    version "0.10.0"
    resolved "https://registry.npmjs.org/apollo-server-types/-/apollo-server-types-0.10.0.tgz"
    integrity sha512-LsB3epw1X3Co/HGiKHCGtzWG35J59gG8Ypx0p22+wgdM9AVDm1ylsNGZy+osNIVJc1lUJf3nF5kZ90vA866K/w==
    dependencies:
      apollo-reporting-protobuf "^0.8.0"
      apollo-server-caching "^0.7.0"
      apollo-server-env "^3.2.0"
  
  apollo-server-types@^0.5.0:
    version "0.5.0"
    resolved "https://registry.npmjs.org/apollo-server-types/-/apollo-server-types-0.5.0.tgz"
    integrity sha512-zhtsqqqfdeoJQAfc41Sy6WnnBVxKNgZ34BKXf/Q+kXmw7rbZ/B5SG3SJMvj1iFsbzZxILmWdUsE9aD20lEr0bg==
    dependencies:
      apollo-engine-reporting-protobuf "^0.5.1"
      apollo-server-caching "^0.5.1"
      apollo-server-env "^2.4.4"
  
  apollo-tracing@^0.16.0:
    version "0.16.0"
    resolved "https://registry.npmjs.org/apollo-tracing/-/apollo-tracing-0.16.0.tgz"
    integrity sha512-Oy8kTggB+fJ/hHXwHyMpuTl5KW7u1XetKFDErZVOobUKc2zjc/NgWiC/s7SGYZCgfLodBjvwfa6rMcvLkz7c0w==
    dependencies:
      apollo-server-env "^3.2.0"
      apollo-server-plugin-base "^0.14.0"
  
  apollo-utilities@^1.0.1, apollo-utilities@^1.3.0:
    version "1.3.4"
    resolved "https://registry.npmjs.org/apollo-utilities/-/apollo-utilities-1.3.4.tgz"
    integrity sha512-pk2hiWrCXMAy2fRPwEyhvka+mqwzeP60Jr1tRYi5xru+3ko94HI9o6lK0CT33/w4RDlxWchmdhDCrvdr+pHCig==
    dependencies:
      "@wry/equality" "^0.1.2"
      fast-json-stable-stringify "^2.0.0"
      ts-invariant "^0.4.0"
      tslib "^1.10.0"
  
  array-filter@^1.0.0:
    version "1.0.0"
    resolved "https://registry.npmjs.org/array-filter/-/array-filter-1.0.0.tgz"
    integrity sha1-uveeYubvTCpMC4MSMtr/7CUfnYM= sha512-Ene1hbrinPZ1qPoZp7NSx4jQnh4nr7MtY78pHNb+yr8yHbxmTS7ChGW0a55JKA7TkRDeoQxK4GcJaCvBYplSKA==
  
  array-flatten@1.1.1:
    version "1.1.1"
    resolved "https://registry.npmjs.org/array-flatten/-/array-flatten-1.1.1.tgz"
    integrity sha1-ml9pkFGx5wczKPKgCJaLZOopVdI= sha512-PCVAQswWemu6UdxsDFFX/+gVeYqKAod3D3UVm91jHwynguOwAvYPhx8nNlM++NqRcK6CxxpUafjmhIdKiHibqg==
  
  async-retry@^1.2.1:
    version "1.3.3"
    resolved "https://registry.npmjs.org/async-retry/-/async-retry-1.3.3.tgz"
    integrity sha512-wfr/jstw9xNi/0teMHrRW7dsz3Lt5ARhYNZ2ewpadnhaIp5mbALhOAP+EAdsC7t4Z6wqsDVv9+W6gm1Dk9mEyw==
    dependencies:
      retry "0.13.1"
  
  available-typed-arrays@^1.0.0, available-typed-arrays@^1.0.2:
    version "1.0.2"
    resolved "https://registry.npmjs.org/available-typed-arrays/-/available-typed-arrays-1.0.2.tgz"
    integrity sha512-XWX3OX8Onv97LMk/ftVyBibpGwY5a8SmuxZPzeOxqmuEqUCOM9ZE+uIaD1VNJ5QnvU2UQusvmKbuM1FR8QWGfQ==
    dependencies:
      array-filter "^1.0.0"
  
  backo2@^1.0.2:
    version "1.0.2"
    resolved "https://registry.npmjs.org/backo2/-/backo2-1.0.2.tgz"
    integrity sha1-MasayLEpNjRj41s+u2n038+6eUc= sha512-zj6Z6M7Eq+PBZ7PQxl5NT665MvJdAkzp0f60nAJ+sLaSCBPMwVak5ZegFbgVCzFcCJTKFoMizvM5Ld7+JrRJHA==
  
  balanced-match@^1.0.0:
    version "1.0.2"
    resolved "https://registry.npmjs.org/balanced-match/-/balanced-match-1.0.2.tgz"
    integrity sha512-3oSeUO0TMV67hN1AmbXsK4yaqU7tjiHlbxRDZOpH0KW9+CeX4bRAaX0Anxt0tx2MrpRpWwQaPwIlISEJhYU5Pw==
  
  bcryptjs@^2.4.3:
    version "2.4.3"
    resolved "https://registry.npmjs.org/bcryptjs/-/bcryptjs-2.4.3.tgz"
    integrity sha1-mrVie5PmBiH/fNrF2pczAn3x0Ms= sha512-V/Hy/X9Vt7f3BbPJEi8BdVFMByHi+jNXrYkW3huaybV/kQ0KJg0Y6PkEMbn+zeT+i+SiKZ/HMqJGIIt4LZDqNQ==
  
  binary-extensions@^2.0.0:
    version "2.2.0"
    resolved "https://registry.npmjs.org/binary-extensions/-/binary-extensions-2.2.0.tgz"
    integrity sha512-jDctJ/IVQbZoJykoeHbhXpOlNBqGNcwXJKJog42E5HDPUwQTSdjCHdihjj0DlnheQ7blbT6dHOafNAiS8ooQKA==
  
  body-parser@^1.18.3, body-parser@1.20.1:
    version "1.20.1"
    resolved "https://registry.npmjs.org/body-parser/-/body-parser-1.20.1.tgz"
    integrity sha512-jWi7abTbYwajOytWCQc37VulmWiRae5RyTpaCyDcS5/lMdtwSz5lOpDE67srw/HYe35f1z3fDQw+3txg7gNtWw==
    dependencies:
      bytes "3.1.2"
      content-type "~1.0.4"
      debug "2.6.9"
      depd "2.0.0"
      destroy "1.2.0"
      http-errors "2.0.0"
      iconv-lite "0.4.24"
      on-finished "2.4.1"
      qs "6.11.0"
      raw-body "2.5.1"
      type-is "~1.6.18"
      unpipe "1.0.0"
  
  brace-expansion@^1.1.7:
    version "1.1.11"
    resolved "https://registry.npmjs.org/brace-expansion/-/brace-expansion-1.1.11.tgz"
    integrity sha512-iCuPHDFgrHX7H2vEI/5xpz07zSHB00TpugqhmYtVmMO6518mCuRMoOYFldEBl0g187ufozdaHgWKcYFb61qGiA==
    dependencies:
      balanced-match "^1.0.0"
      concat-map "0.0.1"
  
  braces@~3.0.2:
    version "3.0.2"
    resolved "https://registry.npmjs.org/braces/-/braces-3.0.2.tgz"
    integrity sha512-b8um+L1RzM3WDSzvhm6gIz1yfTbBt6YTlcEKAvsmqCZZFw46z626lVj9j1yEPW33H5H+lBQpZMP1k8l+78Ha0A==
    dependencies:
      fill-range "^7.0.1"
  
  buffer-equal-constant-time@1.0.1:
    version "1.0.1"
    resolved "https://registry.npmjs.org/buffer-equal-constant-time/-/buffer-equal-constant-time-1.0.1.tgz"
    integrity sha1-+OcRMvf/5uAaXJaXpMbz5I1cyBk= sha512-zRpUiDwd/xk6ADqPMATG8vc9VPrkck7T07OIx0gnjmJAnHnTVXNQG3vfvWNuiZIkwu9KrKdA1iJKfsfTVxE6NA==
  
  buffer-writer@2.0.0:
    version "2.0.0"
    resolved "https://registry.npmjs.org/buffer-writer/-/buffer-writer-2.0.0.tgz"
    integrity sha512-a7ZpuTZU1TRtnwyCNW3I5dc0wWNC3VR9S++Ewyk2HHZdrO3CQJqSpd+95Us590V6AL7JqUAH2IwZ/398PmNFgw==
  
  busboy@^0.3.1:
    version "0.3.1"
    resolved "https://registry.npmjs.org/busboy/-/busboy-0.3.1.tgz"
    integrity sha512-y7tTxhGKXcyBxRKAni+awqx8uqaJKrSFSNFSeRG5CsWNdmy2BIK+6VGWEW7TZnIO/533mtMEA4rOevQV815YJw==
    dependencies:
      dicer "0.3.0"
  
  bytes@3.1.2:
    version "3.1.2"
    resolved "https://registry.npmjs.org/bytes/-/bytes-3.1.2.tgz"
    integrity sha512-/Nf7TyzTx6S3yRJObOAV7956r8cr2+Oj8AC5dt8wSP3BQAoeX58NoHyCU8P8zGkNXStjTSi6fzO6F0pBdcYbEg==
  
  call-bind@^1.0.0:
    version "1.0.2"
    resolved "https://registry.npmjs.org/call-bind/-/call-bind-1.0.2.tgz"
    integrity sha512-7O+FbCihrB5WGbFYesctwmTKae6rOiIzmz1icreWJ+0aA7LJfuqhEso2T9ncpcFtzMQtzXf2QGGueWJGTYsqrA==
    dependencies:
      function-bind "^1.1.1"
      get-intrinsic "^1.0.2"
  
  chokidar@^3.5.2:
    version "3.5.3"
    resolved "https://registry.npmjs.org/chokidar/-/chokidar-3.5.3.tgz"
    integrity sha512-Dr3sfKRP6oTcjf2JmUmFJfeVMvXBdegxB0iVQ5eb2V10uFJUCAS8OByZdVAyVb8xXNz3GjjTgj9kLWsZTqE6kw==
    dependencies:
      anymatch "~3.1.2"
      braces "~3.0.2"
      glob-parent "~5.1.2"
      is-binary-path "~2.1.0"
      is-glob "~4.0.1"
      normalize-path "~3.0.0"
      readdirp "~3.6.0"
    optionalDependencies:
      fsevents "~2.3.2"
  
  commander@^2.20.3:
    version "2.20.3"
    resolved "https://registry.npmjs.org/commander/-/commander-2.20.3.tgz"
    integrity sha512-GpVkmM8vF2vQUkj2LvZmD35JxeJOLCwJ9cUkugyk2nuhbv3+mJvpLYYt+0+USMxE+oj+ey/lJEnhZw75x/OMcQ==
  
  concat-map@0.0.1:
    version "0.0.1"
    resolved "https://registry.npmjs.org/concat-map/-/concat-map-0.0.1.tgz"
    integrity sha512-/Srv4dswyQNBfohGpz9o6Yb3Gz3SrUDqBH5rTuhGR7ahtlbYKnVxw2bCFMRljaA7EXHaXZ8wsHdodFvbkhKmqg==
  
  content-disposition@0.5.4:
    version "0.5.4"
    resolved "https://registry.npmjs.org/content-disposition/-/content-disposition-0.5.4.tgz"
    integrity sha512-FveZTNuGw04cxlAiWbzi6zTAL/lhehaWbTtgluJh4/E95DqMwTmha3KZN1aAWA8cFIhHzMZUvLevkw5Rqk+tSQ==
    dependencies:
      safe-buffer "5.2.1"
  
  content-type@~1.0.4:
    version "1.0.4"
    resolved "https://registry.npmjs.org/content-type/-/content-type-1.0.4.tgz"
    integrity sha512-hIP3EEPs8tB9AT1L+NUqtwOAps4mk2Zob89MWXMHjHWg9milF/j4osnnQLXBCBFBk/tvIG/tUc9mOUJiPBhPXA==
  
  cookie-signature@1.0.6:
    version "1.0.6"
    resolved "https://registry.npmjs.org/cookie-signature/-/cookie-signature-1.0.6.tgz"
    integrity sha1-4wOogrNCzD7oylE6eZmXNNqzriw= sha512-QADzlaHc8icV8I7vbaJXJwod9HWYp8uCqf1xa4OfNu1T7JVxQIrUgOWtHdNDtPiywmFbiS12VjotIXLrKM3orQ==
  
  cookie@0.5.0:
    version "0.5.0"
    resolved "https://registry.npmjs.org/cookie/-/cookie-0.5.0.tgz"
    integrity sha512-YZ3GUyn/o8gfKJlnlX7g7xq4gyO6OSuhGPKaaGssGB2qgDUS0gPgtTvoyZLTt9Ab6dC4hfc9dV5arkvc/OCmrw==
  
  core-js-pure@^3.10.2:
    version "3.27.2"
    resolved "https://registry.npmjs.org/core-js-pure/-/core-js-pure-3.27.2.tgz"
    integrity sha512-Cf2jqAbXgWH3VVzjyaaFkY1EBazxugUepGymDoeteyYr9ByX51kD2jdHZlsEF/xnJMyN3Prua7mQuzwMg6Zc9A==
  
  cors@^2.8.4, cors@^2.8.5:
    version "2.8.5"
    resolved "https://registry.npmjs.org/cors/-/cors-2.8.5.tgz"
    integrity sha512-KIHbLJqu73RGr/hnbrO9uBeixNGuvSQjul/jdFvS/KFSIH1hWVd1ng7zOHx+YrEfInLG7q4n6GHQ9cDtxv/P6g==
    dependencies:
      object-assign "^4"
      vary "^1"
  
  cssfilter@0.0.10:
    version "0.0.10"
    resolved "https://registry.npmjs.org/cssfilter/-/cssfilter-0.0.10.tgz"
    integrity sha1-xtJnJjKi5cg+AT5oZKQs6N79IK4= sha512-FAaLDaplstoRsDR8XGYH51znUN0UY7nMc6Z9/fvE8EXGwvJE9hu7W2vHwx1+bd6gCYnln9nLbzxFTrcO9YQDZw==
  
  debug@^3.2.7:
    version "3.2.7"
    resolved "https://registry.npmjs.org/debug/-/debug-3.2.7.tgz"
    integrity sha512-CFjzYYAi4ThfiQvizrFQevTTXHtnCqWfe7x1AhgEscTz6ZbLbfoLRLPugTQyBth6f8ZERVUSyWHFD/7Wu4t1XQ==
    dependencies:
      ms "^2.1.1"
  
  debug@2.6.9:
    version "2.6.9"
    resolved "https://registry.npmjs.org/debug/-/debug-2.6.9.tgz"
    integrity sha512-bC7ElrdJaJnPbAP+1EotYvqZsb3ecl5wi6Bfi6BJTUcNowp6cvspg0jXznRTKDjm/E7AdgFBVeAPVMNcKGsHMA==
    dependencies:
      ms "2.0.0"
  
  deep-equal@^2.0.1:
    version "2.0.3"
    resolved "https://registry.npmjs.org/deep-equal/-/deep-equal-2.0.3.tgz"
    integrity sha512-Spqdl4H+ky45I9ByyJtXteOm9CaIrPmnIPmOhrkKGNYWeDgCvJ8jNYVCTjChxW4FqGuZnLHADc8EKRMX6+CgvA==
    dependencies:
      es-abstract "^1.17.5"
      es-get-iterator "^1.1.0"
      is-arguments "^1.0.4"
      is-date-object "^1.0.2"
      is-regex "^1.0.5"
      isarray "^2.0.5"
      object-is "^1.1.2"
      object-keys "^1.1.1"
      object.assign "^4.1.0"
      regexp.prototype.flags "^1.3.0"
      side-channel "^1.0.2"
      which-boxed-primitive "^1.0.1"
      which-collection "^1.0.1"
      which-typed-array "^1.1.2"
  
  define-properties@^1.1.2, define-properties@^1.1.3:
    version "1.1.3"
    resolved "https://registry.npmjs.org/define-properties/-/define-properties-1.1.3.tgz"
    integrity sha512-3MqfYKj2lLzdMSf8ZIZE/V+Zuy+BgD6f164e8K2w7dgnpKArBDerGYpM46IYYcjnkdPNMjPk9A6VFB8+3SKlXQ==
    dependencies:
      object-keys "^1.0.12"
  
  depd@~1.1.2:
    version "1.1.2"
    resolved "https://registry.npmjs.org/depd/-/depd-1.1.2.tgz"
    integrity sha512-7emPTl6Dpo6JRXOXjLRxck+FlLRX5847cLKEn00PLAgc3g2hTZZgr+e4c2v6QpSmLeFP3n5yUo7ft6avBK/5jQ==
  
  depd@2.0.0:
    version "2.0.0"
    resolved "https://registry.npmjs.org/depd/-/depd-2.0.0.tgz"
    integrity sha512-g7nH6P6dyDioJogAAGprGpCtVImJhpPk/roCzdb3fIh61/s/nPsfR6onyMwkCAR/OlC3yBC0lESvUoQEAssIrw==
  
  deprecated-decorator@^0.1.6:
    version "0.1.6"
    resolved "https://registry.npmjs.org/deprecated-decorator/-/deprecated-decorator-0.1.6.tgz"
    integrity sha1-AJZjF7ehL+kvPMgx91g68ym4bDc= sha512-MHidOOnCHGlZDKsI21+mbIIhf4Fff+hhCTB7gtVg4uoIqjcrTZc5v6M+GS2zVI0sV7PqK415rb8XaOSQsQkHOw==
  
  destroy@1.2.0:
    version "1.2.0"
    resolved "https://registry.npmjs.org/destroy/-/destroy-1.2.0.tgz"
    integrity sha512-2sJGJTaXIIaR1w4iJSNoN0hnMY7Gpc/n8D4qSCJw8QqFWXf7cuAgnEHxBpweaVcPevC2l3KpjYCx3NypQQgaJg==
  
  dicer@0.3.0:
    version "0.3.0"
    resolved "https://registry.npmjs.org/dicer/-/dicer-0.3.0.tgz"
    integrity sha512-MdceRRWqltEG2dZqO769g27N/3PXfcKl04VhYnBlo2YhH7zPi88VebsjTKclaOyiuMaGU72hTfw3VkUitGcVCA==
    dependencies:
      streamsearch "0.1.2"
  
  dotenv@^8.0.0:
    version "8.2.0"
    resolved "https://registry.npmjs.org/dotenv/-/dotenv-8.2.0.tgz"
    integrity sha512-8sJ78ElpbDJBHNeBzUbUVLsqKdccaa/BXF1uPTw3GrvQTBgrQrtObr2mUrE38vzYd8cEv+m/JBfDLioYcfXoaw==
  
  ecdsa-sig-formatter@1.0.11:
    version "1.0.11"
    resolved "https://registry.npmjs.org/ecdsa-sig-formatter/-/ecdsa-sig-formatter-1.0.11.tgz"
    integrity sha512-nagl3RYrbNv6kQkeJIpt6NJZy8twLB/2vtz6yN9Z4vRKHN4/QZJIEbqohALSgwKdnksuY3k5Addp5lg8sVoVcQ==
    dependencies:
      safe-buffer "^5.0.1"
  
  ee-first@1.1.1:
    version "1.1.1"
    resolved "https://registry.npmjs.org/ee-first/-/ee-first-1.1.1.tgz"
    integrity sha512-WMwm9LhRUo+WUaRN+vRuETqG89IgZphVSNkdFgeb6sS/E4OrDIN7t48CAewSHXc6C8lefD8KKfr5vY61brQlow==
  
  encodeurl@~1.0.2:
    version "1.0.2"
    resolved "https://registry.npmjs.org/encodeurl/-/encodeurl-1.0.2.tgz"
    integrity sha512-TPJXq8JqFaVYm2CWmPvnP2Iyo4ZSM7/QKcSmuMLDObfpH5fi7RUGmd/rTDf+rut/saiDiQEeVTNgAmJEdAOx0w==
  
  es-abstract@^1.17.0-next.1, es-abstract@^1.17.2, es-abstract@^1.17.4, es-abstract@^1.17.5:
    version "1.17.6"
    resolved "https://registry.npmjs.org/es-abstract/-/es-abstract-1.17.6.tgz"
    integrity sha512-Fr89bON3WFyUi5EvAeI48QTWX0AyekGgLA8H+c+7fbfCkJwRWRMLd8CQedNEyJuoYYhmtEqY92pgte1FAhBlhw==
    dependencies:
      es-to-primitive "^1.2.1"
      function-bind "^1.1.1"
      has "^1.0.3"
      has-symbols "^1.0.1"
      is-callable "^1.2.0"
      is-regex "^1.1.0"
      object-inspect "^1.7.0"
      object-keys "^1.1.1"
      object.assign "^4.1.0"
      string.prototype.trimend "^1.0.1"
      string.prototype.trimstart "^1.0.1"
  
  es-get-iterator@^1.1.0:
    version "1.1.0"
    resolved "https://registry.npmjs.org/es-get-iterator/-/es-get-iterator-1.1.0.tgz"
    integrity sha512-UfrmHuWQlNMTs35e1ypnvikg6jCz3SK8v8ImvmDsh36fCVUR1MqoFDiyn0/k52C8NqO3YsO8Oe0azeesNuqSsQ==
    dependencies:
      es-abstract "^1.17.4"
      has-symbols "^1.0.1"
      is-arguments "^1.0.4"
      is-map "^2.0.1"
      is-set "^2.0.1"
      is-string "^1.0.5"
      isarray "^2.0.5"
  
  es-to-primitive@^1.2.1:
    version "1.2.1"
    resolved "https://registry.npmjs.org/es-to-primitive/-/es-to-primitive-1.2.1.tgz"
    integrity sha512-QCOllgZJtaUo9miYBcLChTUaHNjJF3PYs1VidD7AwiEj1kYxKeQTctLAezAOH5ZKRH0g2IgPn6KwB4IT8iRpvA==
    dependencies:
      is-callable "^1.1.4"
      is-date-object "^1.0.1"
      is-symbol "^1.0.2"
  
  escape-html@~1.0.3:
    version "1.0.3"
    resolved "https://registry.npmjs.org/escape-html/-/escape-html-1.0.3.tgz"
    integrity sha512-NiSupZ4OeuGwr68lGIeym/ksIZMJodUGOSCZ/FSnTxcrekbvqrgdUxlJOMpijaKZVjAJrWrGs/6Jy8OMuyj9ow==
  
  etag@~1.8.1:
    version "1.8.1"
    resolved "https://registry.npmjs.org/etag/-/etag-1.8.1.tgz"
    integrity sha512-aIL5Fx7mawVa300al2BnEE4iNvo1qETxLrPI/o05L7z6go7fCw1J6EQmbK4FmJ2AS7kgVF/KEZWufBfdClMcPg==
  
  eventemitter3@^3.1.0:
    version "3.1.2"
    resolved "https://registry.npmjs.org/eventemitter3/-/eventemitter3-3.1.2.tgz"
    integrity sha512-tvtQIeLVHjDkJYnzf2dgVMxfuSGJeM/7UCG17TT4EumTfNtF+0nebF/4zWOIkCreAbtNqhGEboB6BWrwqNaw4Q==
  
  express@^4.17.1:
    version "4.18.2"
    resolved "https://registry.npmjs.org/express/-/express-4.18.2.tgz"
    integrity sha512-5/PsL6iGPdfQ/lKM1UuielYgv3BUoJfz1aUwU9vHZ+J7gyvwdQXFEBIEIaxeGf0GIcreATNyBExtalisDbuMqQ==
    dependencies:
      accepts "~1.3.8"
      array-flatten "1.1.1"
      body-parser "1.20.1"
      content-disposition "0.5.4"
      content-type "~1.0.4"
      cookie "0.5.0"
      cookie-signature "1.0.6"
      debug "2.6.9"
      depd "2.0.0"
      encodeurl "~1.0.2"
      escape-html "~1.0.3"
      etag "~1.8.1"
      finalhandler "1.2.0"
      fresh "0.5.2"
      http-errors "2.0.0"
      merge-descriptors "1.0.1"
      methods "~1.1.2"
      on-finished "2.4.1"
      parseurl "~1.3.3"
      path-to-regexp "0.1.7"
      proxy-addr "~2.0.7"
      qs "6.11.0"
      range-parser "~1.2.1"
      safe-buffer "5.2.1"
      send "0.18.0"
      serve-static "1.15.0"
      setprototypeof "1.2.0"
      statuses "2.0.1"
      type-is "~1.6.18"
      utils-merge "1.0.1"
      vary "~1.1.2"
  
  fast-json-stable-stringify@^2.0.0:
    version "2.1.0"
    resolved "https://registry.npmjs.org/fast-json-stable-stringify/-/fast-json-stable-stringify-2.1.0.tgz"
    integrity sha512-lhd/wF+Lk98HZoTCtlVraHtfh5XYijIjalXck7saUtuanSDyLMxnHhSXEDJqHxD7msR8D0uCmqlkwjCV8xvwHw==
  
  fill-range@^7.0.1:
    version "7.0.1"
    resolved "https://registry.npmjs.org/fill-range/-/fill-range-7.0.1.tgz"
    integrity sha512-qOo9F+dMUmC2Lcb4BbVvnKJxTPjCm+RRpe4gDuGrzkL7mEVl/djYSu2OdQ2Pa302N4oqkSg9ir6jaLWJ2USVpQ==
    dependencies:
      to-regex-range "^5.0.1"
  
  finalhandler@1.2.0:
    version "1.2.0"
    resolved "https://registry.npmjs.org/finalhandler/-/finalhandler-1.2.0.tgz"
    integrity sha512-5uXcUVftlQMFnWC9qu/svkWv3GTd2PfUhK/3PLkYNAe7FbqJMt3515HaxE6eRL74GdsriiwujiawdaB1BpEISg==
    dependencies:
      debug "2.6.9"
      encodeurl "~1.0.2"
      escape-html "~1.0.3"
      on-finished "2.4.1"
      parseurl "~1.3.3"
      statuses "2.0.1"
      unpipe "~1.0.0"
  
  foreach@^2.0.5:
    version "2.0.5"
    resolved "https://registry.npmjs.org/foreach/-/foreach-2.0.5.tgz"
    integrity sha1-C+4AUBiusmDQo6865ljdATbsG5k= sha512-ZBbtRiapkZYLsqoPyZOR+uPfto0GRMNQN1GwzZtZt7iZvPPbDDQV0JF5Hx4o/QFQ5c0vyuoZ98T8RSBbopzWtA==
  
  forwarded@0.2.0:
    version "0.2.0"
    resolved "https://registry.npmjs.org/forwarded/-/forwarded-0.2.0.tgz"
    integrity sha512-buRG0fpBtRHSTCOASe6hD258tEubFoRLb4ZNA6NxMVHNw2gOcwHo9wyablzMzOA5z9xA9L1KNjk/Nt6MT9aYow==
  
  fresh@0.5.2:
    version "0.5.2"
    resolved "https://registry.npmjs.org/fresh/-/fresh-0.5.2.tgz"
    integrity sha512-zJ2mQYM18rEFOudeV4GShTGIQ7RbzA7ozbU9I/XBpm7kqgMywgmylMwXHxZJmkVoYkna9d2pVXVXPdYTP9ej8Q==
  
  fs-capacitor@^2.0.4:
    version "2.0.4"
    resolved "https://registry.npmjs.org/fs-capacitor/-/fs-capacitor-2.0.4.tgz"
    integrity sha512-8S4f4WsCryNw2mJJchi46YgB6CR5Ze+4L1h8ewl9tEpL4SJ3ZO+c/bS4BWhB8bK+O3TMqhuZarTitd0S0eh2pA==
  
  function-bind@^1.1.1:
    version "1.1.1"
    resolved "https://registry.npmjs.org/function-bind/-/function-bind-1.1.1.tgz"
    integrity sha512-yIovAzMX49sF8Yl58fSCWJ5svSLuaibPxXQJFLmBObTuCr0Mf1KiPopGM9NiFjiYBCbfaa2Fh6breQ6ANVTI0A==
  
  get-intrinsic@^1.0.2:
    version "1.2.0"
    resolved "https://registry.npmjs.org/get-intrinsic/-/get-intrinsic-1.2.0.tgz"
    integrity sha512-L049y6nFOuom5wGyRc3/gdTLO94dySVKRACj1RmJZBQXlbTMhtNIgkWkUHq+jYmZvKf14EW1EoJnnjbmoHij0Q==
    dependencies:
      function-bind "^1.1.1"
      has "^1.0.3"
      has-symbols "^1.0.3"
  
  glob-parent@~5.1.2:
    version "5.1.2"
    resolved "https://registry.npmjs.org/glob-parent/-/glob-parent-5.1.2.tgz"
    integrity sha512-AOIgSQCepiJYwP3ARnGx+5VnTu2HBYdzbGP45eLw1vr3zB3vZLeyed1sC9hnbcOc9/SrMyM5RPQrkGz4aS9Zow==
    dependencies:
      is-glob "^4.0.1"
  
  graphql-extensions@^0.16.0:
    version "0.16.0"
    resolved "https://registry.npmjs.org/graphql-extensions/-/graphql-extensions-0.16.0.tgz"
    integrity sha512-rZQc/USoEIw437BGRUwoHoLPR1LA791Ltj6axONqgKIyyx2sqIO3YT9kTbB/eIUdJBrCozp4KuUeZ09xKeQDxg==
    dependencies:
      "@apollographql/apollo-tools" "^0.5.0"
      apollo-server-env "^3.2.0"
      apollo-server-types "^0.10.0"
  
  graphql-resolvers@^0.4.2:
    version "0.4.2"
    resolved "https://registry.npmjs.org/graphql-resolvers/-/graphql-resolvers-0.4.2.tgz"
    integrity sha512-C+BEjS5BrV04I44iNtMDw7ZbmIlSBabkbt5KpF8Vg5wphsm2jDlKklU9DeX/nzs7NEt0tOoorbTmpQH0VyYBLA==
    dependencies:
      "@babel/runtime" "^7.8.4"
      deep-equal "^2.0.1"
      object-path "^0.11.4"
  
  graphql-subscriptions@^1.0.0:
    version "1.1.0"
    resolved "https://registry.npmjs.org/graphql-subscriptions/-/graphql-subscriptions-1.1.0.tgz"
    integrity sha512-6WzlBFC0lWmXJbIVE8OgFgXIP4RJi3OQgTPa0DVMsDXdpRDjTsM1K9wfl5HSYX7R87QAGlvcv2Y4BIZa/ItonA==
    dependencies:
      iterall "^1.2.1"
  
  graphql-tag@^2.11.0:
    version "2.12.6"
    resolved "https://registry.npmjs.org/graphql-tag/-/graphql-tag-2.12.6.tgz"
    integrity sha512-FdSNcu2QQcWnM2VNvSCCDCVS5PpPqpzgFT8+GXzqJuoDd0CBncxCY278u4mhRO7tMgo2JjgJA5aZ+nWSQ/Z+xg==
    dependencies:
      tslib "^2.1.0"
  
  graphql-tools@^4.0.0, graphql-tools@^4.0.8:
    version "4.0.8"
    resolved "https://registry.npmjs.org/graphql-tools/-/graphql-tools-4.0.8.tgz"
    integrity sha512-MW+ioleBrwhRjalKjYaLQbr+920pHBgy9vM/n47sswtns8+96sRn5M/G+J1eu7IMeKWiN/9p6tmwCHU7552VJg==
    dependencies:
      apollo-link "^1.2.14"
      apollo-utilities "^1.0.1"
      deprecated-decorator "^0.1.6"
      iterall "^1.1.3"
      uuid "^3.1.0"
  
  "graphql@^0.10.5 || ^0.11.3 || ^0.12.0 || ^0.13.0 || ^14.0.0", "graphql@^0.11.0 || ^0.12.0 || ^0.13.0 || ^14.0.0 || ^15.0.0", "graphql@^0.11.3 || ^0.12.3 || ^0.13.0 || ^14.0.0 || ^15.0.0", "graphql@^0.12.0 || ^0.13.0 || ^14.0.0 || ^15.0.0", "graphql@^0.13.0 || ^14.0.0 || ^15.0.0", "graphql@^0.9.0 || ^0.10.0 || ^0.11.0 || ^0.12.0 || ^0.13.0 || ^14.0.0 || ^15.0.0 || ^16.0.0", "graphql@^14.2.1 || ^15.0.0", "graphql@^14.2.1 || ^15.0.0 || ^16.0.0", graphql@^15.0.0, graphql@>=0.10.0, "graphql@0.13.1 - 15":
    version "15.1.0"
    resolved "https://registry.npmjs.org/graphql/-/graphql-15.1.0.tgz"
    integrity sha512-0TVyfOlCGhv/DBczQkJmwXOK6fjWkjzY3Pt7wY8i0gcYXq8aogG3weCsg48m72lywKSeOqedEHvVPOvZvSD51Q==
  
  has-flag@^3.0.0:
    version "3.0.0"
    resolved "https://registry.npmjs.org/has-flag/-/has-flag-3.0.0.tgz"
    integrity sha1-tdRU3CGZriJWmfNGfloH87lVuv0= sha512-sKJf1+ceQBr4SMkvQnBDNDtf4TXpVhVGateu0t918bl30FnbE2m4vNLX+VWe/dpjlb+HugGYzW7uQXH98HPEYw==
  
  has-symbols@^1.0.0, has-symbols@^1.0.1, has-symbols@^1.0.3:
    version "1.0.3"
    resolved "https://registry.npmjs.org/has-symbols/-/has-symbols-1.0.3.tgz"
    integrity sha512-l3LCuF6MgDNwTDKkdYGEihYjt5pRPbEg46rtlmnSPlUbgmB8LOIrKJbYYFBSbnPaJexMKtiPO8hmeRjRz2Td+A==
  
  has@^1.0.3:
    version "1.0.3"
    resolved "https://registry.npmjs.org/has/-/has-1.0.3.tgz"
    integrity sha512-f2dvO0VU6Oej7RkWJGrehjbzMAjFp5/VKPp5tTpWIV4JHHZK1/BxbFRtf/siA2SWTe09caDmVtYYzWEIbBS4zw==
    dependencies:
      function-bind "^1.1.1"
  
  http-errors@^1.7.3:
    version "1.8.1"
    resolved "https://registry.npmjs.org/http-errors/-/http-errors-1.8.1.tgz"
    integrity sha512-Kpk9Sm7NmI+RHhnj6OIWDI1d6fIoFAtFt9RLaTMRlg/8w49juAStsrBgp0Dp4OdxdVbRIeKhtCUvoi/RuAhO4g==
    dependencies:
      depd "~1.1.2"
      inherits "2.0.4"
      setprototypeof "1.2.0"
      statuses ">= 1.5.0 < 2"
      toidentifier "1.0.1"
  
  http-errors@2.0.0:
    version "2.0.0"
    resolved "https://registry.npmjs.org/http-errors/-/http-errors-2.0.0.tgz"
    integrity sha512-FtwrG/euBzaEjYeRqOgly7G0qviiXoJWnvEH2Z1plBdXgbyjv34pHTSb9zoeHMyDy33+DWy5Wt9Wo+TURtOYSQ==
    dependencies:
      depd "2.0.0"
      inherits "2.0.4"
      setprototypeof "1.2.0"
      statuses "2.0.1"
      toidentifier "1.0.1"
  
  iconv-lite@0.4.24:
    version "0.4.24"
    resolved "https://registry.npmjs.org/iconv-lite/-/iconv-lite-0.4.24.tgz"
    integrity sha512-v3MXnZAcvnywkTUEZomIActle7RXXeedOR31wwl7VlyoXO4Qi9arvSenNQWne1TcRwhCL1HwLI21bEqdpj8/rA==
    dependencies:
      safer-buffer ">= 2.1.2 < 3"
  
  ignore-by-default@^1.0.1:
    version "1.0.1"
    resolved "https://registry.npmjs.org/ignore-by-default/-/ignore-by-default-1.0.1.tgz"
    integrity sha1-SMptcvbGo68Aqa1K5odr44ieKwk= sha512-Ius2VYcGNk7T90CppJqcIkS5ooHUZyIQK+ClZfMfMNFEF9VSE73Fq+906u/CWu92x4gzZMWOwfFYckPObzdEbA==
  
  inherits@^2.0.1, inherits@2.0.4:
    version "2.0.4"
    resolved "https://registry.npmjs.org/inherits/-/inherits-2.0.4.tgz"
    integrity sha512-k/vGaX4/Yla3WzyMCvTQOXYeIHvqOKtnqBduzTHpzpQZzAskKMhZ2K+EnBiSM9zGSoIFeMpXKxa4dYeZIQqewQ==
  
  ipaddr.js@1.9.1:
    version "1.9.1"
    resolved "https://registry.npmjs.org/ipaddr.js/-/ipaddr.js-1.9.1.tgz"
    integrity sha512-0KI/607xoxSToH7GjN1FfSbLoU0+btTicjsQSWQlh/hZykN8KpmMf7uYwPW3R+akZ6R/w18ZlXSHBYXiYUPO3g==
  
  is-arguments@^1.0.4:
    version "1.0.4"
    resolved "https://registry.npmjs.org/is-arguments/-/is-arguments-1.0.4.tgz"
    integrity sha512-xPh0Rmt8NE65sNzvyUmWgI1tz3mKq74lGA0mL8LYZcoIzKOzDh6HmrYm3d18k60nHerC8A9Km8kYu87zfSFnLA==
  
  is-bigint@^1.0.0:
    version "1.0.0"
    resolved "https://registry.npmjs.org/is-bigint/-/is-bigint-1.0.0.tgz"
    integrity sha512-t5mGUXC/xRheCK431ylNiSkGGpBp8bHENBcENTkDT6ppwPzEVxNGZRvgvmOEfbWkFhA7D2GEuE2mmQTr78sl2g==
  
  is-binary-path@~2.1.0:
    version "2.1.0"
    resolved "https://registry.npmjs.org/is-binary-path/-/is-binary-path-2.1.0.tgz"
    integrity sha512-ZMERYes6pDydyuGidse7OsHxtbI7WVeUEozgR/g7rd0xUimYNlvZRE/K2MgZTjWy725IfelLeVcEM97mmtRGXw==
    dependencies:
      binary-extensions "^2.0.0"
  
  is-boolean-object@^1.0.0:
    version "1.0.1"
    resolved "https://registry.npmjs.org/is-boolean-object/-/is-boolean-object-1.0.1.tgz"
    integrity sha512-TqZuVwa/sppcrhUCAYkGBk7w0yxfQQnxq28fjkO53tnK9FQXmdwz2JS5+GjsWQ6RByES1K40nI+yDic5c9/aAQ==
  
  is-callable@^1.1.4, is-callable@^1.2.0:
    version "1.2.0"
    resolved "https://registry.npmjs.org/is-callable/-/is-callable-1.2.0.tgz"
    integrity sha512-pyVD9AaGLxtg6srb2Ng6ynWJqkHU9bEM087AKck0w8QwDarTfNcpIYoU8x8Hv2Icm8u6kFJM18Dag8lyqGkviw==
  
  is-date-object@^1.0.1, is-date-object@^1.0.2:
    version "1.0.2"
    resolved "https://registry.npmjs.org/is-date-object/-/is-date-object-1.0.2.tgz"
    integrity sha512-USlDT524woQ08aoZFzh3/Z6ch9Y/EWXEHQ/AaRN0SkKq4t2Jw2R2339tSXmwuVoY7LLlBCbOIlx2myP/L5zk0g==
  
  is-extglob@^2.1.1:
    version "2.1.1"
    resolved "https://registry.npmjs.org/is-extglob/-/is-extglob-2.1.1.tgz"
    integrity sha512-SbKbANkN603Vi4jEZv49LeVJMn4yGwsbzZworEoyEiutsN3nJYdbO36zfhGJ6QEDpOZIFkDtnq5JRxmvl3jsoQ==
  
  is-glob@^4.0.1, is-glob@~4.0.1:
    version "4.0.3"
    resolved "https://registry.npmjs.org/is-glob/-/is-glob-4.0.3.tgz"
    integrity sha512-xelSayHH36ZgE7ZWhli7pW34hNbNl8Ojv5KVmkJD4hBdD3th8Tfk9vYasLM+mXWOZhFkgZfxhLSnrwRr4elSSg==
    dependencies:
      is-extglob "^2.1.1"
  
  is-map@^2.0.1:
    version "2.0.1"
    resolved "https://registry.npmjs.org/is-map/-/is-map-2.0.1.tgz"
    integrity sha512-T/S49scO8plUiAOA2DBTBG3JHpn1yiw0kRp6dgiZ0v2/6twi5eiB0rHtHFH9ZIrvlWc6+4O+m4zg5+Z833aXgw==
  
  is-number-object@^1.0.3:
    version "1.0.4"
    resolved "https://registry.npmjs.org/is-number-object/-/is-number-object-1.0.4.tgz"
    integrity sha512-zohwelOAur+5uXtk8O3GPQ1eAcu4ZX3UwxQhUlfFFMNpUd83gXgjbhJh6HmB6LUNV/ieOLQuDwJO3dWJosUeMw==
  
  is-number@^7.0.0:
    version "7.0.0"
    resolved "https://registry.npmjs.org/is-number/-/is-number-7.0.0.tgz"
    integrity sha512-41Cifkg6e8TylSpdtTpeLVMqvSBEVzTttHvERD741+pnZ8ANv0004MRL43QKPDlK9cGvNp6NZWZUBlbGXYxxng==
  
  is-regex@^1.0.5, is-regex@^1.1.0:
    version "1.1.0"
    resolved "https://registry.npmjs.org/is-regex/-/is-regex-1.1.0.tgz"
    integrity sha512-iI97M8KTWID2la5uYXlkbSDQIg4F6o1sYboZKKTDpnDQMLtUL86zxhgDet3Q2SriaYsyGqZ6Mn2SjbRKeLHdqw==
    dependencies:
      has-symbols "^1.0.1"
  
  is-set@^2.0.1:
    version "2.0.1"
    resolved "https://registry.npmjs.org/is-set/-/is-set-2.0.1.tgz"
    integrity sha512-eJEzOtVyenDs1TMzSQ3kU3K+E0GUS9sno+F0OBT97xsgcJsF9nXMBtkT9/kut5JEpM7oL7X/0qxR17K3mcwIAA==
  
  is-string@^1.0.4, is-string@^1.0.5:
    version "1.0.5"
    resolved "https://registry.npmjs.org/is-string/-/is-string-1.0.5.tgz"
    integrity sha512-buY6VNRjhQMiF1qWDouloZlQbRhDPCebwxSjxMjxgemYT46YMd2NR0/H+fBhEfWX4A/w9TBJ+ol+okqJKFE6vQ==
  
  is-symbol@^1.0.2:
    version "1.0.3"
    resolved "https://registry.npmjs.org/is-symbol/-/is-symbol-1.0.3.tgz"
    integrity sha512-OwijhaRSgqvhm/0ZdAcXNZt9lYdKFpcRDT5ULUuYXPoT794UNOdU+gpT6Rzo7b4V2HUl/op6GqY894AZwv9faQ==
    dependencies:
      has-symbols "^1.0.1"
  
  is-typed-array@^1.1.3:
    version "1.1.3"
    resolved "https://registry.npmjs.org/is-typed-array/-/is-typed-array-1.1.3.tgz"
    integrity sha512-BSYUBOK/HJibQ30wWkWold5txYwMUXQct9YHAQJr8fSwvZoiglcqB0pd7vEN23+Tsi9IUEjztdOSzl4qLVYGTQ==
    dependencies:
      available-typed-arrays "^1.0.0"
      es-abstract "^1.17.4"
      foreach "^2.0.5"
      has-symbols "^1.0.1"
  
  is-weakmap@^2.0.1:
    version "2.0.1"
    resolved "https://registry.npmjs.org/is-weakmap/-/is-weakmap-2.0.1.tgz"
    integrity sha512-NSBR4kH5oVj1Uwvv970ruUkCV7O1mzgVFO4/rev2cLRda9Tm9HrL70ZPut4rOHgY0FNrUu9BCbXA2sdQ+x0chA==
  
  is-weakset@^2.0.1:
    version "2.0.1"
    resolved "https://registry.npmjs.org/is-weakset/-/is-weakset-2.0.1.tgz"
    integrity sha512-pi4vhbhVHGLxohUw7PhGsueT4vRGFoXhP7+RGN0jKIv9+8PWYCQTqtADngrxOm2g46hoH0+g8uZZBzMrvVGDmw==
  
  isarray@^2.0.5:
    version "2.0.5"
    resolved "https://registry.npmjs.org/isarray/-/isarray-2.0.5.tgz"
    integrity sha512-xHjhDr3cNBK0BzdUJSPXZntQUx/mwMS5Rw4A7lPJ90XGAO6ISP/ePDNuo0vhqOZU+UD5JoodwCAAoZQd3FeAKw==
  
  iterall@^1.1.3, iterall@^1.2.1:
    version "1.3.0"
    resolved "https://registry.npmjs.org/iterall/-/iterall-1.3.0.tgz"
    integrity sha512-QZ9qOMdF+QLHxy1QIpUHUU1D5pS2CG2P69LF6L6CPjPYA/XMOmKV3PZpawHoAjHNyB0swdVTRxdYT4tbBbxqwg==
  
  jsonwebtoken@^9.0.0:
    version "9.0.0"
    resolved "https://registry.npmjs.org/jsonwebtoken/-/jsonwebtoken-9.0.0.tgz"
    integrity sha512-tuGfYXxkQGDPnLJ7SibiQgVgeDgfbPq2k2ICcbgqW8WxWLBAxKQM/ZCu/IT8SOSwmaYl4dpTFCW5xZv7YbbWUw==
    dependencies:
      jws "^3.2.2"
      lodash "^4.17.21"
      ms "^2.1.1"
      semver "^7.3.8"
  
  jwa@^1.4.1:
    version "1.4.1"
    resolved "https://registry.npmjs.org/jwa/-/jwa-1.4.1.tgz"
    integrity sha512-qiLX/xhEEFKUAJ6FiBMbes3w9ATzyk5W7Hvzpa/SLYdxNtng+gcurvrI7TbACjIXlsJyr05/S1oUhZrc63evQA==
    dependencies:
      buffer-equal-constant-time "1.0.1"
      ecdsa-sig-formatter "1.0.11"
      safe-buffer "^5.0.1"
  
  jws@^3.2.2:
    version "3.2.2"
    resolved "https://registry.npmjs.org/jws/-/jws-3.2.2.tgz"
    integrity sha512-YHlZCB6lMTllWDtSPHz/ZXTsi8S00usEV6v1tjq8tOUZzw7DpSDWVXjXDre6ed1w/pd495ODpHZYSdkRTsa0HA==
    dependencies:
      jwa "^1.4.1"
      safe-buffer "^5.0.1"
  
  lodash.sortby@^4.7.0:
    version "4.7.0"
    resolved "https://registry.npmjs.org/lodash.sortby/-/lodash.sortby-4.7.0.tgz"
    integrity sha512-HDWXG8isMntAyRF5vZ7xKuEvOhT4AhlRt/3czTSjvGUxjYCBVRQY48ViDHyfYz9VIoBkW4TMGQNapx+l3RUwdA==
  
  lodash@^4.17.21:
    version "4.17.21"
    resolved "https://registry.npmjs.org/lodash/-/lodash-4.17.21.tgz"
    integrity sha512-v2kDEe57lecTulaDIuNTPy3Ry4gLGJ6Z1O3vE1krgXZNrsQ+LFTGHVxVjcXPs17LhbZVGedAJv8XZ1tvj5FvSg==
  
  loglevel@^1.6.7:
    version "1.6.8"
    resolved "https://registry.npmjs.org/loglevel/-/loglevel-1.6.8.tgz"
    integrity sha512-bsU7+gc9AJ2SqpzxwU3+1fedl8zAntbtC5XYlt3s2j1hJcn2PsXSmgN8TaLG/J1/2mod4+cE/3vNL70/c1RNCA==
  
  long@^4.0.0:
    version "4.0.0"
    resolved "https://registry.npmjs.org/long/-/long-4.0.0.tgz"
    integrity sha512-XsP+KhQif4bjX1kbuSiySJFNAehNxgLb6hPRGJ9QsUr8ajHkuXGdrHmFUTUUXhDwVX2R5bY4JNZEwbUiMhV+MA==
  
  lru-cache@^5.0.0:
    version "5.1.1"
    resolved "https://registry.npmjs.org/lru-cache/-/lru-cache-5.1.1.tgz"
    integrity sha512-KpNARQA3Iwv+jTA0utUVVbrh+Jlrr1Fv0e56GGzAFOXN7dk/FviaDW8LHmK52DlcH4WP2n6gI8vN1aesBFgo9w==
    dependencies:
      yallist "^3.0.2"
  
  lru-cache@^6.0.0:
    version "6.0.0"
    resolved "https://registry.npmjs.org/lru-cache/-/lru-cache-6.0.0.tgz"
    integrity sha512-Jo6dJ04CmSjuznwJSS3pUeWmd/H0ffTlkXXgwZi+eq1UCmqQwCh+eLsYOYCwY991i2Fah4h1BEMCx4qThGbsiA==
    dependencies:
      yallist "^4.0.0"
  
  media-typer@0.3.0:
    version "0.3.0"
    resolved "https://registry.npmjs.org/media-typer/-/media-typer-0.3.0.tgz"
    integrity sha1-hxDXrwqmJvj/+hzgAWhUUmMlV0g= sha512-dq+qelQ9akHpcOl/gUVRTxVIOkAJ1wR3QAvb4RsVjS8oVoFjDGTc679wJYmUmknUF5HwMLOgb5O+a3KxfWapPQ==
  
  merge-descriptors@1.0.1:
    version "1.0.1"
    resolved "https://registry.npmjs.org/merge-descriptors/-/merge-descriptors-1.0.1.tgz"
    integrity sha1-sAqqVW3YtEVoFQ7J0blT8/kMu2E= sha512-cCi6g3/Zr1iqQi6ySbseM1Xvooa98N0w31jzUYrXPX2xqObmFGHJ0tQ5u74H3mVh7wLouTseZyYIq39g8cNp1w==
  
  methods@~1.1.2:
    version "1.1.2"
    resolved "https://registry.npmjs.org/methods/-/methods-1.1.2.tgz"
    integrity sha1-VSmk1nZUE07cxSZmVoNbD4Ua/O4= sha512-iclAHeNqNm68zFtnZ0e+1L2yUIdvzNoauKU4WBA3VvH/vPFieF7qfRlwUZU+DA9P9bPXIS90ulxoUoCH23sV2w==
  
  mime-db@1.52.0:
    version "1.52.0"
    resolved "https://registry.npmjs.org/mime-db/-/mime-db-1.52.0.tgz"
    integrity sha512-sPU4uV7dYlvtWJxwwxHD0PuihVNiE7TyAbQ5SWxDCB9mUYvOgroQOwYQQOKPJ8CIbE+1ETVlOoK1UC2nU3gYvg==
  
  mime-types@~2.1.24, mime-types@~2.1.34:
    version "2.1.35"
    resolved "https://registry.npmjs.org/mime-types/-/mime-types-2.1.35.tgz"
    integrity sha512-ZDY+bPm5zTTF+YpCrAU9nK0UgICYPT0QtT1NZWFv4s++TNkcgVaT0g6+4R2uI4MjQjzysHB1zxuWL50hzaeXiw==
    dependencies:
      mime-db "1.52.0"
  
  mime@1.6.0:
    version "1.6.0"
    resolved "https://registry.npmjs.org/mime/-/mime-1.6.0.tgz"
    integrity sha512-x0Vn8spI+wuJ1O6S7gnbaQg8Pxh4NNHb7KSINmEWKiPE4RKOplvijn+NkmYmmRgP68mc70j2EbeTFRsrswaQeg==
  
  minimatch@^3.1.2:
    version "3.1.2"
    resolved "https://registry.npmjs.org/minimatch/-/minimatch-3.1.2.tgz"
    integrity sha512-J7p63hRiAjw1NDEww1W7i37+ByIrOWO5XQQAzZ3VOcL0PNybwpfmV/N05zFAzwQ9USyEcX6t3UO+K5aqBQOIHw==
    dependencies:
      brace-expansion "^1.1.7"
  
  ms@^2.1.1:
    version "2.1.2"
    resolved "https://registry.npmjs.org/ms/-/ms-2.1.2.tgz"
    integrity sha512-sGkPx+VjMtmA6MX27oA4FBFELFCZZ4S4XqeGOXCv68tT+jb3vk/RyaKWP0PTKyWtmLSM0b+adUTEvbs1PEaH2w==
  
  ms@2.0.0:
    version "2.0.0"
    resolved "https://registry.npmjs.org/ms/-/ms-2.0.0.tgz"
    integrity sha1-VgiurfwAvmwpAd9fmGF4jeDVl8g= sha512-Tpp60P6IUJDTuOq/5Z8cdskzJujfwqfOTkrwIwj7IRISpnkJnT6SyJ4PCPnGMoFjC9ddhal5KVIYtAt97ix05A==
  
  ms@2.1.3:
    version "2.1.3"
    resolved "https://registry.npmjs.org/ms/-/ms-2.1.3.tgz"
    integrity sha512-6FlzubTLZG3J2a/NVCAleEhjzq5oxgHyaCU9yYXvcLsvoVaHJq/s5xXI6/XXP6tz7R9xAOtHnSO/tXtF3WRTlA==
  
  negotiator@0.6.3:
    version "0.6.3"
    resolved "https://registry.npmjs.org/negotiator/-/negotiator-0.6.3.tgz"
    integrity sha512-+EUsqGPLsM+j/zdChZjsnX51g4XrHFOIXwfnCVPGlQk/k5giakcKsuxCObBRu6DSm9opw/O6slWbJdghQM4bBg==
  
  node-fetch@^2.1.2, node-fetch@^2.6.1:
    version "2.6.9"
    resolved "https://registry.npmjs.org/node-fetch/-/node-fetch-2.6.9.tgz"
    integrity sha512-DJm/CJkZkRjKKj4Zi4BsKVZh3ValV5IR5s7LVZnW+6YMh0W1BfNA8XSs6DLMGYlId5F3KnA70uu2qepcR08Qqg==
    dependencies:
      whatwg-url "^5.0.0"
  
  nodemon@^2.0.4:
    version "2.0.20"
    resolved "https://registry.npmjs.org/nodemon/-/nodemon-2.0.20.tgz"
    integrity sha512-Km2mWHKKY5GzRg6i1j5OxOHQtuvVsgskLfigG25yTtbyfRGn/GNvIbRyOf1PSCKJ2aT/58TiuUsuOU5UToVViw==
    dependencies:
      chokidar "^3.5.2"
      debug "^3.2.7"
      ignore-by-default "^1.0.1"
      minimatch "^3.1.2"
      pstree.remy "^1.1.8"
      semver "^5.7.1"
      simple-update-notifier "^1.0.7"
      supports-color "^5.5.0"
      touch "^3.1.0"
      undefsafe "^2.0.5"
  
  nopt@~1.0.10:
    version "1.0.10"
    resolved "https://registry.npmjs.org/nopt/-/nopt-1.0.10.tgz"
    integrity sha1-bd0hvSoxQXuScn3Vhfim83YI6+4= sha512-NWmpvLSqUrgrAC9HCuxEvb+PSloHpqVu+FqcO4eeF2h5qYRhA7ev6KvelyQAKtegUbC6RypJnlEOhd8vloNKYg==
    dependencies:
      abbrev "1"
  
  normalize-path@^3.0.0, normalize-path@~3.0.0:
    version "3.0.0"
    resolved "https://registry.npmjs.org/normalize-path/-/normalize-path-3.0.0.tgz"
    integrity sha512-6eZs5Ls3WtCisHWp9S2GUy8dqkpGi4BVSz3GaqiE6ezub0512ESztXUwUB6C6IKbQkY2Pnb/mD4WYojCRwcwLA==
  
  object-assign@^4:
    version "4.1.1"
    resolved "https://registry.npmjs.org/object-assign/-/object-assign-4.1.1.tgz"
    integrity sha1-IQmtx5ZYh8/AXLvUQsrIv7s2CGM= sha512-rJgTQnkUnH1sFw8yT6VSU3zD3sWmu6sZhIseY8VX+GRu3P6F7Fu+JNDoXfklElbLJSnc3FUQHVe4cU5hj+BcUg==
  
  object-inspect@^1.7.0, object-inspect@^1.9.0:
    version "1.12.3"
    resolved "https://registry.npmjs.org/object-inspect/-/object-inspect-1.12.3.tgz"
    integrity sha512-geUvdk7c+eizMNUDkRpW1wJwgfOiOeHbxBR/hLXK1aT6zmVSO0jsQcs7fj6MGw89jC/cjGfLcNOrtMYtGqm81g==
  
  object-is@^1.1.2:
    version "1.1.2"
    resolved "https://registry.npmjs.org/object-is/-/object-is-1.1.2.tgz"
    integrity sha512-5lHCz+0uufF6wZ7CRFWJN3hp8Jqblpgve06U5CMQ3f//6iDjPr2PEo9MWCjEssDsa+UZEL4PkFpr+BMop6aKzQ==
    dependencies:
      define-properties "^1.1.3"
      es-abstract "^1.17.5"
  
  object-keys@^1.0.11, object-keys@^1.0.12, object-keys@^1.1.1:
    version "1.1.1"
    resolved "https://registry.npmjs.org/object-keys/-/object-keys-1.1.1.tgz"
    integrity sha512-NuAESUOUMrlIXOfHKzD6bpPu3tYt3xvjNdRIQ+FeT0lNb4K8WR70CaDxhuNguS2XG+GjkyMwOzsN5ZktImfhLA==
  
  object-path@^0.11.4:
    version "0.11.8"
    resolved "https://registry.npmjs.org/object-path/-/object-path-0.11.8.tgz"
    integrity sha512-YJjNZrlXJFM42wTBn6zgOJVar9KFJvzx6sTWDte8sWZF//cnjl0BxHNpfZx+ZffXX63A9q0b1zsFiBX4g4X5KA==
  
  object.assign@^4.1.0:
    version "4.1.0"
    resolved "https://registry.npmjs.org/object.assign/-/object.assign-4.1.0.tgz"
    integrity sha512-exHJeq6kBKj58mqGyTQ9DFvrZC/eR6OwxzoM9YRoGBqrXYonaFyGiFMuc9VZrXf7DarreEwMpurG3dd+CNyW5w==
    dependencies:
      define-properties "^1.1.2"
      function-bind "^1.1.1"
      has-symbols "^1.0.0"
      object-keys "^1.0.11"
  
  object.getownpropertydescriptors@^2.1.0:
    version "2.1.0"
    resolved "https://registry.npmjs.org/object.getownpropertydescriptors/-/object.getownpropertydescriptors-2.1.0.tgz"
    integrity sha512-Z53Oah9A3TdLoblT7VKJaTDdXdT+lQO+cNpKVnya5JDe9uLvzu1YyY1yFDFrcxrlRgWrEFH0jJtD/IbuwjcEVg==
    dependencies:
      define-properties "^1.1.3"
      es-abstract "^1.17.0-next.1"
  
  on-finished@2.4.1:
    version "2.4.1"
    resolved "https://registry.npmjs.org/on-finished/-/on-finished-2.4.1.tgz"
    integrity sha512-oVlzkg3ENAhCk2zdv7IJwd/QUD4z2RxRwpkcGY8psCVcCYZNq4wYnVWALHM+brtuJjePWiYF/ClmuDr8Ch5+kg==
    dependencies:
      ee-first "1.1.1"
  
  packet-reader@1.0.0:
    version "1.0.0"
    resolved "https://registry.npmjs.org/packet-reader/-/packet-reader-1.0.0.tgz"
    integrity sha512-HAKu/fG3HpHFO0AA8WE8q2g+gBJaZ9MG7fcKk+IJPLTGAD6Psw4443l+9DGRbOIh3/aXr7Phy0TjilYivJo5XQ==
  
  parseurl@^1.3.2, parseurl@~1.3.3:
    version "1.3.3"
    resolved "https://registry.npmjs.org/parseurl/-/parseurl-1.3.3.tgz"
    integrity sha512-CiyeOxFT/JZyN5m0z9PfXw4SCBJ6Sygz1Dpl0wqjlhDEGGBP1GnsUVEL0p63hoG1fcj3fHynXi9NYO4nWOL+qQ==
  
  path-to-regexp@0.1.7:
    version "0.1.7"
    resolved "https://registry.npmjs.org/path-to-regexp/-/path-to-regexp-0.1.7.tgz"
    integrity sha1-32BBeABfUi8V60SQ5yR6G/qmf4w= sha512-5DFkuoqlv1uYQKxy8omFBeJPQcdoE07Kv2sferDCrAq1ohOU+MSDswDIbnx3YAM60qIOnYa53wBhXW0EbMonrQ==
  
  pg-connection-string@^2.2.3:
    version "2.5.0"
    resolved "https://registry.npmjs.org/pg-connection-string/-/pg-connection-string-2.5.0.tgz"
    integrity sha512-r5o/V/ORTA6TmUnyWZR9nCj1klXCO2CEKNRlVuJptZe85QuhFayC7WeMic7ndayT5IRIR0S0xFxFi2ousartlQ==
  
  pg-hstore@^2.3.3:
    version "2.3.3"
    resolved "https://registry.npmjs.org/pg-hstore/-/pg-hstore-2.3.3.tgz"
    integrity sha512-qpeTpdkguFgfdoidtfeTho1Q1zPVPbtMHgs8eQ+Aan05iLmIs3Z3oo5DOZRclPGoQ4i68I1kCtQSJSa7i0ZVYg==
    dependencies:
      underscore "^1.7.0"
  
  pg-int8@1.0.1:
    version "1.0.1"
    resolved "https://registry.npmjs.org/pg-int8/-/pg-int8-1.0.1.tgz"
    integrity sha512-WCtabS6t3c8SkpDBUlb1kjOs7l66xsGdKpIPZsg4wR+B3+u9UAum2odSsF9tnvxg80h4ZxLWMy4pRjOsFIqQpw==
  
  pg-pool@^3.2.1:
    version "3.2.1"
    resolved "https://registry.npmjs.org/pg-pool/-/pg-pool-3.2.1.tgz"
    integrity sha512-BQDPWUeKenVrMMDN9opfns/kZo4lxmSWhIqo+cSAF7+lfi9ZclQbr9vfnlNaPr8wYF3UYjm5X0yPAhbcgqNOdA==
  
  pg-protocol@^1.2.4:
    version "1.2.4"
    resolved "https://registry.npmjs.org/pg-protocol/-/pg-protocol-1.2.4.tgz"
    integrity sha512-/8L/G+vW/VhWjTGXpGh8XVkXOFx1ZDY+Yuz//Ab8CfjInzFkreI+fDG3WjCeSra7fIZwAFxzbGptNbm8xSXenw==
  
  pg-types@^2.1.0:
    version "2.2.0"
    resolved "https://registry.npmjs.org/pg-types/-/pg-types-2.2.0.tgz"
    integrity sha512-qTAAlrEsl8s4OiEQY69wDvcMIdQN6wdz5ojQiOy6YRMuynxenON0O5oCpJI6lshc6scgAY8qvJ2On/p+CXY0GA==
    dependencies:
      pg-int8 "1.0.1"
      postgres-array "~2.0.0"
      postgres-bytea "~1.0.0"
      postgres-date "~1.0.4"
      postgres-interval "^1.1.0"
  
  pg@^8.0.3, pg@>=8.0:
    version "8.2.1"
    resolved "https://registry.npmjs.org/pg/-/pg-8.2.1.tgz"
    integrity sha512-DKzffhpkWRr9jx7vKxA+ur79KG+SKw+PdjMb1IRhMiKI9zqYUGczwFprqy+5Veh/DCcFs1Y6V8lRLN5I1DlleQ==
    dependencies:
      buffer-writer "2.0.0"
      packet-reader "1.0.0"
      pg-connection-string "^2.2.3"
      pg-pool "^3.2.1"
      pg-protocol "^1.2.4"
      pg-types "^2.1.0"
      pgpass "1.x"
      semver "4.3.2"
  
  pgpass@1.x:
    version "1.0.2"
    resolved "https://registry.npmjs.org/pgpass/-/pgpass-1.0.2.tgz"
    integrity sha1-Knu0G2BltnkH6R2hsHwYR8h3swY= sha512-tlMkj+LGqdaz6M0wJOlOiZd3/Z370ormYONAzY7Lh4TCHHDPuntYm39yV4e0GwQI2qVIGdYQ/Nkw+ALLKu3f9Q==
    dependencies:
      split "^1.0.0"
  
  picomatch@^2.0.4, picomatch@^2.2.1:
    version "2.3.1"
    resolved "https://registry.npmjs.org/picomatch/-/picomatch-2.3.1.tgz"
    integrity sha512-JU3teHTNjmE2VCGFzuY8EXzCDVwEqB2a8fsIvwaStHhAWJEeVd1o1QD80CU6+ZdEXXSLbSsuLwJjkCBWqRQUVA==
  
  postgres-array@~2.0.0:
    version "2.0.0"
    resolved "https://registry.npmjs.org/postgres-array/-/postgres-array-2.0.0.tgz"
    integrity sha512-VpZrUqU5A69eQyW2c5CA1jtLecCsN2U/bD6VilrFDWq5+5UIEVO7nazS3TEcHf1zuPYO/sqGvUvW62g86RXZuA==
  
  postgres-bytea@~1.0.0:
    version "1.0.0"
    resolved "https://registry.npmjs.org/postgres-bytea/-/postgres-bytea-1.0.0.tgz"
    integrity sha1-AntTPAqokOJtFy1Hz5zOzFIazTU= sha512-xy3pmLuQqRBZBXDULy7KbaitYqLcmxigw14Q5sj8QBVLqEwXfeybIKVWiqAXTlcvdvb0+xkOtDbfQMOf4lST1w==
  
  postgres-date@~1.0.4:
    version "1.0.5"
    resolved "https://registry.npmjs.org/postgres-date/-/postgres-date-1.0.5.tgz"
    integrity sha512-pdau6GRPERdAYUQwkBnGKxEfPyhVZXG/JiS44iZWiNdSOWE09N2lUgN6yshuq6fVSon4Pm0VMXd1srUUkLe9iA==
  
  postgres-interval@^1.1.0:
    version "1.2.0"
    resolved "https://registry.npmjs.org/postgres-interval/-/postgres-interval-1.2.0.tgz"
    integrity sha512-9ZhXKM/rw350N1ovuWHbGxnGh/SNJ4cnxHiM0rxE4VN41wsg8P8zWn9hv/buK00RP4WvlOyr/RBDiptyxVbkZQ==
    dependencies:
      xtend "^4.0.0"
  
  proxy-addr@~2.0.7:
    version "2.0.7"
    resolved "https://registry.npmjs.org/proxy-addr/-/proxy-addr-2.0.7.tgz"
    integrity sha512-llQsMLSUDUPT44jdrU/O37qlnifitDP+ZwrmmZcoSKyLKvtZxpyV0n2/bD/N4tBAAZ/gJEdZU7KMraoK1+XYAg==
    dependencies:
      forwarded "0.2.0"
      ipaddr.js "1.9.1"
  
  pstree.remy@^1.1.8:
    version "1.1.8"
    resolved "https://registry.npmjs.org/pstree.remy/-/pstree.remy-1.1.8.tgz"
    integrity sha512-77DZwxQmxKnu3aR542U+X8FypNzbfJ+C5XQDk3uWjWxn6151aIMGthWYRXTqT1E5oJvg+ljaa2OJi+VfvCOQ8w==
  
  qs@6.11.0:
    version "6.11.0"
    resolved "https://registry.npmjs.org/qs/-/qs-6.11.0.tgz"
    integrity sha512-MvjoMCJwEarSbUYk5O+nmoSzSutSsTwF85zcHPQ9OrlFoZOYIjaqBAJIqIXjptyD5vThxGq52Xu/MaJzRkIk4Q==
    dependencies:
      side-channel "^1.0.4"
  
  range-parser@~1.2.1:
    version "1.2.1"
    resolved "https://registry.npmjs.org/range-parser/-/range-parser-1.2.1.tgz"
    integrity sha512-Hrgsx+orqoygnmhFbKaHE6c296J+HTAQXoxEF6gNupROmmGJRoyzfG3ccAveqCBrwr/2yxQ5BVd/GTl5agOwSg==
  
  raw-body@2.5.1:
    version "2.5.1"
    resolved "https://registry.npmjs.org/raw-body/-/raw-body-2.5.1.tgz"
    integrity sha512-qqJBtEyVgS0ZmPGdCFPWJ3FreoqvG4MVQln/kCgF7Olq95IbOp0/BWyMwbdtn4VTvkM8Y7khCQ2Xgk/tcrCXig==
    dependencies:
      bytes "3.1.2"
      http-errors "2.0.0"
      iconv-lite "0.4.24"
      unpipe "1.0.0"
  
  readdirp@~3.6.0:
    version "3.6.0"
    resolved "https://registry.npmjs.org/readdirp/-/readdirp-3.6.0.tgz"
    integrity sha512-hOS089on8RduqdbhvQ5Z37A0ESjsqz6qnRcffsMU3495FuTdqSm+7bhJ29JvIOsBDEEnan5DPu9t3To9VRlMzA==
    dependencies:
      picomatch "^2.2.1"
  
  regenerator-runtime@^0.13.4:
    version "0.13.5"
    resolved "https://registry.npmjs.org/regenerator-runtime/-/regenerator-runtime-0.13.5.tgz"
    integrity sha512-ZS5w8CpKFinUzOwW3c83oPeVXoNsrLsaCoLtJvAClH135j/R77RuymhiSErhm2lKcwSCIpmvIWSbDkIfAqKQlA==
  
  regexp.prototype.flags@^1.3.0:
    version "1.3.0"
    resolved "https://registry.npmjs.org/regexp.prototype.flags/-/regexp.prototype.flags-1.3.0.tgz"
    integrity sha512-2+Q0C5g951OlYlJz6yu5/M33IcsESLlLfsyIaLJaG4FA2r4yP8MvVMJUUP/fVBkSpbbbZlS5gynbEWLipiiXiQ==
    dependencies:
      define-properties "^1.1.3"
      es-abstract "^1.17.0-next.1"
  
  retry@0.13.1:
    version "0.13.1"
    resolved "https://registry.npmjs.org/retry/-/retry-0.13.1.tgz"
    integrity sha512-XQBQ3I8W1Cge0Seh+6gjj03LbmRFWuoszgK9ooCpwYIrhhoO80pfq4cUkU5DkknwfOfFteRwlZ56PYOGYyFWdg==
  
  safe-buffer@^5.0.1, safe-buffer@5.2.1:
    version "5.2.1"
    resolved "https://registry.npmjs.org/safe-buffer/-/safe-buffer-5.2.1.tgz"
    integrity sha512-rp3So07KcdmmKbGvgaNxQSJr7bGVSVk5S9Eq1F+ppbRo70+YeaDxkw5Dd8NPN+GD6bjnYm2VuPuCXmpuYvmCXQ==
  
  "safer-buffer@>= 2.1.2 < 3":
    version "2.1.2"
    resolved "https://registry.npmjs.org/safer-buffer/-/safer-buffer-2.1.2.tgz"
    integrity sha512-YZo3K82SD7Riyi0E1EQPojLz7kpepnSQI9IyPbHHg1XXXevb5dJI7tpyN2ADxGcQbHG7vcyRHk0cbwqcQriUtg==
  
  semver@^5.7.1:
    version "5.7.1"
    resolved "https://registry.npmjs.org/semver/-/semver-5.7.1.tgz"
    integrity sha512-sauaDf/PZdVgrLTNYHRtpXa1iRiKcaebiKQ1BJdpQlWH2lCvexQdX55snPFyK7QzpudqbCI0qXFfOasHdyNDGQ==
  
  semver@^7.3.8:
    version "7.3.8"
    resolved "https://registry.npmjs.org/semver/-/semver-7.3.8.tgz"
    integrity sha512-NB1ctGL5rlHrPJtFDVIVzTyQylMLu9N9VICA6HSFJo8MCGVTMW6gfpicwKmmK/dAjTOrqu5l63JJOpDSrAis3A==
    dependencies:
      lru-cache "^6.0.0"
  
  semver@~7.0.0:
    version "7.0.0"
    resolved "https://registry.npmjs.org/semver/-/semver-7.0.0.tgz"
    integrity sha512-+GB6zVA9LWh6zovYQLALHwv5rb2PHGlJi3lfiqIHxR0uuwCgefcOJc59v9fv1w8GbStwxuuqqAjI9NMAOOgq1A==
  
  semver@4.3.2:
    version "4.3.2"
    resolved "https://registry.npmjs.org/semver/-/semver-4.3.2.tgz"
    integrity sha1-x6BxWKgL7dBSNVt3DYLWZA+AO+c= sha512-VyFUffiBx8hABJ9HYSTXLRwyZtdDHMzMtFmID1aiNAD2BZppBmJm0Hqw3p2jkgxP9BNt1pQ9RnC49P0EcXf6cA==
  
  send@0.18.0:
    version "0.18.0"
    resolved "https://registry.npmjs.org/send/-/send-0.18.0.tgz"
    integrity sha512-qqWzuOjSFOuqPjFe4NOsMLafToQQwBSOEpS+FwEt3A2V3vKubTquT3vmLTQpFgMXp8AlFWFuP1qKaJZOtPpVXg==
    dependencies:
      debug "2.6.9"
      depd "2.0.0"
      destroy "1.2.0"
      encodeurl "~1.0.2"
      escape-html "~1.0.3"
      etag "~1.8.1"
      fresh "0.5.2"
      http-errors "2.0.0"
      mime "1.6.0"
      ms "2.1.3"
      on-finished "2.4.1"
      range-parser "~1.2.1"
      statuses "2.0.1"
  
  serve-static@1.15.0:
    version "1.15.0"
    resolved "https://registry.npmjs.org/serve-static/-/serve-static-1.15.0.tgz"
    integrity sha512-XGuRDNjXUijsUL0vl6nSD7cwURuzEgglbOaFuZM9g3kwDXOWVTck0jLzjPzGD+TazWbboZYu52/9/XPdUgne9g==
    dependencies:
      encodeurl "~1.0.2"
      escape-html "~1.0.3"
      parseurl "~1.3.3"
      send "0.18.0"
  
  setprototypeof@1.2.0:
    version "1.2.0"
    resolved "https://registry.npmjs.org/setprototypeof/-/setprototypeof-1.2.0.tgz"
    integrity sha512-E5LDX7Wrp85Kil5bhZv46j8jOeboKq5JMmYM3gVGdGH8xFpPWXUMsNrlODCrkoxMEeNi/XZIwuRvY4XNwYMJpw==
  
  sha.js@^2.4.11:
    version "2.4.11"
    resolved "https://registry.npmjs.org/sha.js/-/sha.js-2.4.11.tgz"
    integrity sha512-QMEp5B7cftE7APOjk5Y6xgrbWu+WkLVQwk8JNjZ8nKRciZaByEW6MubieAiToS7+dwvrjGhH8jRXz3MVd0AYqQ==
    dependencies:
      inherits "^2.0.1"
      safe-buffer "^5.0.1"
  
  side-channel@^1.0.2, side-channel@^1.0.4:
    version "1.0.4"
    resolved "https://registry.npmjs.org/side-channel/-/side-channel-1.0.4.tgz"
    integrity sha512-q5XPytqFEIKHkGdiMIrY10mvLRvnQh42/+GoBlFW3b2LXLE2xxJpZFdm94we0BaoV3RwJyGqg5wS7epxTv0Zvw==
    dependencies:
      call-bind "^1.0.0"
      get-intrinsic "^1.0.2"
      object-inspect "^1.9.0"
  
  simple-update-notifier@^1.0.7:
    version "1.1.0"
    resolved "https://registry.npmjs.org/simple-update-notifier/-/simple-update-notifier-1.1.0.tgz"
    integrity sha512-VpsrsJSUcJEseSbMHkrsrAVSdvVS5I96Qo1QAQ4FxQ9wXFcB+pjj7FB7/us9+GcgfW4ziHtYMc1J0PLczb55mg==
    dependencies:
      semver "~7.0.0"
  
  split@^1.0.0:
    version "1.0.1"
    resolved "https://registry.npmjs.org/split/-/split-1.0.1.tgz"
    integrity sha512-mTyOoPbrivtXnwnIxZRFYRrPNtEFKlpB2fvjSnCQUiAA6qAZzqwna5envK4uk6OIeP17CsdF3rSBGYVBsU0Tkg==
    dependencies:
      through "2"
  
  "statuses@>= 1.5.0 < 2":
    version "1.5.0"
    resolved "https://registry.npmjs.org/statuses/-/statuses-1.5.0.tgz"
    integrity sha512-OpZ3zP+jT1PI7I8nemJX4AKmAX070ZkYPVWV/AaKTJl+tXCTGyVdC1a4SL8RUQYEwk/f34ZX8UTykN68FwrqAA==
  
  statuses@2.0.1:
    version "2.0.1"
    resolved "https://registry.npmjs.org/statuses/-/statuses-2.0.1.tgz"
    integrity sha512-RwNA9Z/7PrK06rYLIzFMlaF+l73iwpzsqRIFgbMLbTcLD6cOao82TaWefPXQvB2fOC4AjuYSEndS7N/mTCbkdQ==
  
  streamsearch@0.1.2:
    version "0.1.2"
    resolved "https://registry.npmjs.org/streamsearch/-/streamsearch-0.1.2.tgz"
    integrity sha512-jos8u++JKm0ARcSUTAZXOVC0mSox7Bhn6sBgty73P1f3JGf7yG2clTbBNHUdde/kdvP2FESam+vM6l8jBrNxHA==
  
  string.prototype.trimend@^1.0.1:
    version "1.0.1"
    resolved "https://registry.npmjs.org/string.prototype.trimend/-/string.prototype.trimend-1.0.1.tgz"
    integrity sha512-LRPxFUaTtpqYsTeNKaFOw3R4bxIzWOnbQ837QfBylo8jIxtcbK/A/sMV7Q+OAV/vWo+7s25pOE10KYSjaSO06g==
    dependencies:
      define-properties "^1.1.3"
      es-abstract "^1.17.5"
  
  string.prototype.trimstart@^1.0.1:
    version "1.0.1"
    resolved "https://registry.npmjs.org/string.prototype.trimstart/-/string.prototype.trimstart-1.0.1.tgz"
    integrity sha512-XxZn+QpvrBI1FOcg6dIpxUPgWCPuNXvMD72aaRaUQv1eD4e/Qy8i/hFTe0BUmD60p/QA6bh1avmuPTfNjqVWRw==
    dependencies:
      define-properties "^1.1.3"
      es-abstract "^1.17.5"
  
  subscriptions-transport-ws@^0.9.16, subscriptions-transport-ws@^0.9.19:
    version "0.9.19"
    resolved "https://registry.npmjs.org/subscriptions-transport-ws/-/subscriptions-transport-ws-0.9.19.tgz"
    integrity sha512-dxdemxFFB0ppCLg10FTtRqH/31FNRL1y1BQv8209MK5I4CwALb7iihQg+7p65lFcIl8MHatINWBLOqpgU4Kyyw==
    dependencies:
      backo2 "^1.0.2"
      eventemitter3 "^3.1.0"
      iterall "^1.2.1"
      symbol-observable "^1.0.4"
      ws "^5.2.0 || ^6.0.0 || ^7.0.0"
  
  supports-color@^5.5.0:
    version "5.5.0"
    resolved "https://registry.npmjs.org/supports-color/-/supports-color-5.5.0.tgz"
    integrity sha512-QjVjwdXIt408MIiAqCX4oUKsgU2EqAGzs2Ppkm4aQYbjm+ZEWEcW4SfFNTr4uMNZma0ey4f5lgLrkB0aX0QMow==
    dependencies:
      has-flag "^3.0.0"
  
  symbol-observable@^1.0.4:
    version "1.2.0"
    resolved "https://registry.npmjs.org/symbol-observable/-/symbol-observable-1.2.0.tgz"
    integrity sha512-e900nM8RRtGhlV36KGEU9k65K3mPb1WV70OdjfxlG2EAuM1noi/E/BaW/uMhL7bPEssK8QV57vN3esixjUvcXQ==
  
  through@2:
    version "2.3.8"
    resolved "https://registry.npmjs.org/through/-/through-2.3.8.tgz"
    integrity sha1-DdTJ/6q8NXlgsbckEV1+Doai4fU= sha512-w89qg7PI8wAdvX60bMDP+bFoD5Dvhm9oLheFp5O4a2QF0cSBGsBX4qZmadPMvVqlLJBBci+WqGGOAPvcDeNSVg==
  
  to-regex-range@^5.0.1:
    version "5.0.1"
    resolved "https://registry.npmjs.org/to-regex-range/-/to-regex-range-5.0.1.tgz"
    integrity sha512-65P7iz6X5yEr1cwcgvQxbbIw7Uk3gOy5dIdtZ4rDveLqhrdJP+Li/Hx6tyK0NEb+2GCyneCMJiGqrADCSNk8sQ==
    dependencies:
      is-number "^7.0.0"
  
  toidentifier@1.0.1:
    version "1.0.1"
    resolved "https://registry.npmjs.org/toidentifier/-/toidentifier-1.0.1.tgz"
    integrity sha512-o5sSPKEkg/DIQNmH43V0/uerLrpzVedkUh8tGNvaeXpfpuwjKenlSox/2O/BTlZUtEe+JG7s5YhEz608PlAHRA==
  
  touch@^3.1.0:
    version "3.1.0"
    resolved "https://registry.npmjs.org/touch/-/touch-3.1.0.tgz"
    integrity sha512-WBx8Uy5TLtOSRtIq+M03/sKDrXCLHxwDcquSP2c43Le03/9serjQBIztjRz6FkJez9D/hleyAXTBGLwwZUw9lA==
    dependencies:
      nopt "~1.0.10"
  
  tr46@~0.0.3:
    version "0.0.3"
    resolved "https://registry.npmjs.org/tr46/-/tr46-0.0.3.tgz"
    integrity sha512-N3WMsuqV66lT30CrXNbEjx4GEwlow3v6rr4mCcv6prnfwhS01rkgyFdjPNBYd9br7LpXV1+Emh01fHnq2Gdgrw==
  
  ts-invariant@^0.4.0:
    version "0.4.4"
    resolved "https://registry.npmjs.org/ts-invariant/-/ts-invariant-0.4.4.tgz"
    integrity sha512-uEtWkFM/sdZvRNNDL3Ehu4WVpwaulhwQszV8mrtcdeE8nN00BV9mAmQ88RkrBhFgl9gMgvjJLAQcZbnPXI9mlA==
    dependencies:
      tslib "^1.9.3"
  
  tslib@^1.10.0, tslib@^1.9.3:
    version "1.13.0"
    resolved "https://registry.npmjs.org/tslib/-/tslib-1.13.0.tgz"
    integrity sha512-i/6DQjL8Xf3be4K/E6Wgpekn5Qasl1usyw++dAA35Ue5orEn65VIxOA+YvNNl9HV3qv70T7CNwjODHZrLwvd1Q==
  
  tslib@^2.1.0:
    version "2.5.0"
    resolved "https://registry.npmjs.org/tslib/-/tslib-2.5.0.tgz"
    integrity sha512-336iVw3rtn2BUK7ORdIAHTyxHGRIHVReokCR3XjbckJMK7ms8FysBfhLR8IXnAgy7T0PTPNBWKiH514FOW/WSg==
  
  type-is@^1.6.16, type-is@~1.6.18:
    version "1.6.18"
    resolved "https://registry.npmjs.org/type-is/-/type-is-1.6.18.tgz"
    integrity sha512-TkRKr9sUTxEH8MdfuCSP7VizJyzRNMjj2J2do2Jr3Kym598JVdEksuzPQCnlFPW4ky9Q+iA+ma9BGm06XQBy8g==
    dependencies:
      media-typer "0.3.0"
      mime-types "~2.1.24"
  
  undefsafe@^2.0.5:
    version "2.0.5"
    resolved "https://registry.npmjs.org/undefsafe/-/undefsafe-2.0.5.tgz"
    integrity sha512-WxONCrssBM8TSPRqN5EmsjVrsv4A8X12J4ArBiiayv3DyyG3ZlIg6yysuuSYdZsVz3TKcTg2fd//Ujd4CHV1iA==
  
  underscore@^1.7.0:
    version "1.13.6"
    resolved "https://registry.npmjs.org/underscore/-/underscore-1.13.6.tgz"
    integrity sha512-+A5Sja4HP1M08MaXya7p5LvjuM7K6q/2EaC0+iovj/wOcMsTzMvDFbasi/oSapiwOlt252IqsKqPjCl7huKS0A==
  
  unpipe@~1.0.0, unpipe@1.0.0:
    version "1.0.0"
    resolved "https://registry.npmjs.org/unpipe/-/unpipe-1.0.0.tgz"
    integrity sha512-pjy2bYhSsufwWlKwPc+l3cN7+wuJlK6uz0YdJEOlQDbl6jo/YlPi4mb8agUkVC8BF7V8NuzeyPNqRksA3hztKQ==
  
  util.promisify@^1.0.0:
    version "1.0.1"
    resolved "https://registry.npmjs.org/util.promisify/-/util.promisify-1.0.1.tgz"
    integrity sha512-g9JpC/3He3bm38zsLupWryXHoEcS22YHthuPQSJdMy6KNrzIRzWqcsHzD/WUnqe45whVou4VIsPew37DoXWNrA==
    dependencies:
      define-properties "^1.1.3"
      es-abstract "^1.17.2"
      has-symbols "^1.0.1"
      object.getownpropertydescriptors "^2.1.0"
  
  utils-merge@1.0.1:
    version "1.0.1"
    resolved "https://registry.npmjs.org/utils-merge/-/utils-merge-1.0.1.tgz"
    integrity sha1-n5VxD1CiZ5R7LMwSR0HBAoQn5xM= sha512-pMZTvIkT1d+TFGvDOqodOclx0QWkkgi6Tdoa8gC8ffGAAqz9pzPTZWAybbsHHoED/ztMtkv/VoYTYyShUn81hA==
  
  uuid@^3.1.0:
    version "3.4.0"
    resolved "https://registry.npmjs.org/uuid/-/uuid-3.4.0.tgz"
    integrity sha512-HjSDRw6gZE5JMggctHBcjVak08+KEVhSIiDzFnT9S9aegmp85S/bReBVTb4QTFaRNptJ9kuYaNhnbNEOkbKb/A==
  
  uuid@^8.0.0:
    version "8.3.2"
    resolved "https://registry.npmjs.org/uuid/-/uuid-8.3.2.tgz"
    integrity sha512-+NYs2QeMWy+GWFOEm9xnn6HCDp0l7QBD7ml8zLUmJ+93Q5NF0NocErnwkTkXVFNiX3/fpC6afS8Dhb/gz7R7eg==
  
  vary@^1, vary@~1.1.2:
    version "1.1.2"
    resolved "https://registry.npmjs.org/vary/-/vary-1.1.2.tgz"
    integrity sha1-IpnwLG3tMNSllhsLn3RSShj2NPw= sha512-BNGbWLfd0eUPabhkXUVm0j8uuvREyTh5ovRa/dyow/BqAbZJyC+5fU+IzQOzmAKzYqYRAISoRhdQr3eIZ/PXqg==
  
  webidl-conversions@^3.0.0:
    version "3.0.1"
    resolved "https://registry.npmjs.org/webidl-conversions/-/webidl-conversions-3.0.1.tgz"
    integrity sha512-2JAn3z8AR6rjK8Sm8orRC0h/bcl/DqL7tRPdGZ4I1CjdF+EaMLmYxBHyXuKL849eucPFhvBoxMsflfOb8kxaeQ==
  
  whatwg-url@^5.0.0:
    version "5.0.0"
    resolved "https://registry.npmjs.org/whatwg-url/-/whatwg-url-5.0.0.tgz"
    integrity sha512-saE57nupxk6v3HY35+jzBwYa0rKSy0XR8JSxZPwgLr7ys0IBzhGviA1/TUGJLmSVqs8pb9AnvICXEuOHLprYTw==
    dependencies:
      tr46 "~0.0.3"
      webidl-conversions "^3.0.0"
  
  which-boxed-primitive@^1.0.1:
    version "1.0.1"
    resolved "https://registry.npmjs.org/which-boxed-primitive/-/which-boxed-primitive-1.0.1.tgz"
    integrity sha512-7BT4TwISdDGBgaemWU0N0OU7FeAEJ9Oo2P1PHRm/FCWoEi2VLWC9b6xvxAA3C/NMpxg3HXVgi0sMmGbNUbNepQ==
    dependencies:
      is-bigint "^1.0.0"
      is-boolean-object "^1.0.0"
      is-number-object "^1.0.3"
      is-string "^1.0.4"
      is-symbol "^1.0.2"
  
  which-collection@^1.0.1:
    version "1.0.1"
    resolved "https://registry.npmjs.org/which-collection/-/which-collection-1.0.1.tgz"
    integrity sha512-W8xeTUwaln8i3K/cY1nGXzdnVZlidBcagyNFtBdD5kxnb4TvGKR7FfSIS3mYpwWS1QUCutfKz8IY8RjftB0+1A==
    dependencies:
      is-map "^2.0.1"
      is-set "^2.0.1"
      is-weakmap "^2.0.1"
      is-weakset "^2.0.1"
  
  which-typed-array@^1.1.2:
    version "1.1.2"
    resolved "https://registry.npmjs.org/which-typed-array/-/which-typed-array-1.1.2.tgz"
    integrity sha512-KT6okrd1tE6JdZAy3o2VhMoYPh3+J6EMZLyrxBQsZflI1QCZIxMrIYLkosd8Twf+YfknVIHmYQPgJt238p8dnQ==
    dependencies:
      available-typed-arrays "^1.0.2"
      es-abstract "^1.17.5"
      foreach "^2.0.5"
      function-bind "^1.1.1"
      has-symbols "^1.0.1"
      is-typed-array "^1.1.3"
  
  "ws@^5.2.0 || ^6.0.0 || ^7.0.0":
    version "7.5.9"
    resolved "https://registry.npmjs.org/ws/-/ws-7.5.9.tgz"
    integrity sha512-F+P9Jil7UiSKSkppIiD94dN07AwvFixvLIj1Og1Rl9GGMuNipJnV9JzjD6XuqmAeiswGvUmNLjr5cFuXwNS77Q==
  
  xss@^1.0.6, xss@^1.0.8:
    version "1.0.14"
    resolved "https://registry.npmjs.org/xss/-/xss-1.0.14.tgz"
    integrity sha512-og7TEJhXvn1a7kzZGQ7ETjdQVS2UfZyTlsEdDOqvQF7GoxNfY+0YLCzBy1kPdsDDx4QuNAonQPddpsn6Xl/7sw==
    dependencies:
      commander "^2.20.3"
      cssfilter "0.0.10"
  
  xtend@^4.0.0:
    version "4.0.2"
    resolved "https://registry.npmjs.org/xtend/-/xtend-4.0.2.tgz"
    integrity sha512-LKYU1iAXJXUgAXn9URjiu+MWhyUXHsvfp7mcuYm9dSUKK0/CjtrUwFAxD82/mCWbtLsGjFIad0wIsod4zrTAEQ==
  
  yallist@^3.0.2:
    version "3.1.1"
    resolved "https://registry.npmjs.org/yallist/-/yallist-3.1.1.tgz"
    integrity sha512-a4UGQaWPH59mOXUYnAG2ewncQS4i4F43Tv3JoAM+s2VDAmS9NsK8GpDMLrCHPksFT7h3K6TOoUNn2pb7RoXx4g==
  
  yallist@^4.0.0:
    version "4.0.0"
    resolved "https://registry.npmjs.org/yallist/-/yallist-4.0.0.tgz"
    integrity sha512-3wdGidZyq5PB084XLES5TpOSRA3wjXAlIWMhum2kRcv/41Sn2emQ0dycQW4uZXLejwKvg6EsvbdlVL+FYEct7A==
  
  zen-observable-ts@^0.8.21:
    version "0.8.21"
    resolved "https://registry.npmjs.org/zen-observable-ts/-/zen-observable-ts-0.8.21.tgz"
    integrity sha512-Yj3yXweRc8LdRMrCC8nIc4kkjWecPAUVh0TI0OUrWXx6aX790vLcDlWca6I4vsyCGH3LpWxq0dJRcMOFoVqmeg==
    dependencies:
      tslib "^1.9.3"
      zen-observable "^0.8.0"
  
  zen-observable@^0.8.0:
    version "0.8.15"
    resolved "https://registry.npmjs.org/zen-observable/-/zen-observable-0.8.15.tgz"
    integrity sha512-PQ2PC7R9rslx84ndNBZB/Dkv8V8fZEpk83RLgXtYd0fwUgEjseMn1Dgajh2x6S8QbZAFa9p2qVCEuYZNgve0dQ==
